# JRE version: OpenJDK Runtime Environment (7.0_101) (build 1.7.0_101-b00)
# Java VM: OpenJDK 64-Bit Server VM (24.95-b01 mixed mode linux-amd64 compressed oops)
Heap
 PSYoungGen      total 256000K, used 50487K [0x00000000eaa80000, 0x0000000100000000, 0x0000000100000000)
  eden space 198144K, 0% used [0x00000000eaa80000,0x00000000eaa80000,0x00000000f6c00000)
  from space 57856K, 87% used [0x00000000fc780000,0x00000000ff8cdc68,0x0000000100000000)
  to   space 75776K, 0% used [0x00000000f6c00000,0x00000000f6c00000,0x00000000fb600000)
 ParOldGen       total 136704K, used 136304K [0x00000000c0000000, 0x00000000c8580000, 0x00000000eaa80000)
  object space 136704K, 99% used [0x00000000c0000000,0x00000000c851c130,0x00000000c8580000)
 PSPermGen       total 21504K, used 6580K [0x00000000b5a00000, 0x00000000b6f00000, 0x00000000c0000000)
  object space 21504K, 30% used [0x00000000b5a00000,0x00000000b606d1b0,0x00000000b6f00000)
GC Heap History (10 events):
Event: 8,714 GC heap after
Heap after GC invocations=10 (full 1):
 PSYoungGen      total 269312K, used 31720K [0x00000000eaa80000, 0x0000000100000000, 0x0000000100000000)
  eden space 237568K, 0% used [0x00000000eaa80000,0x00000000eaa80000,0x00000000f9280000)
  from space 31744K, 99% used [0x00000000f9280000,0x00000000fb17a008,0x00000000fb180000)
  to   space 45056K, 0% used [0x00000000fd400000,0x00000000fd400000,0x0000000100000000)
 ParOldGen       total 78848K, used 58538K [0x00000000c0000000, 0x00000000c4d00000, 0x00000000eaa80000)
  object space 78848K, 74% used [0x00000000c0000000,0x00000000c392aa90,0x00000000c4d00000)
 PSPermGen       total 21504K, used 6515K [0x00000000b5a00000, 0x00000000b6f00000, 0x00000000c0000000)
  object space 21504K, 30% used [0x00000000b5a00000,0x00000000b605cc68,0x00000000b6f00000)
}
Event: 9,480 GC heap before
{Heap before GC invocations=11 (full 1):
 PSYoungGen      total 269312K, used 269288K [0x00000000eaa80000, 0x0000000100000000, 0x0000000100000000)
  eden space 237568K, 100% used [0x00000000eaa80000,0x00000000f9280000,0x00000000f9280000)
  from space 31744K, 99% used [0x00000000f9280000,0x00000000fb17a008,0x00000000fb180000)
  to   space 45056K, 0% used [0x00000000fd400000,0x00000000fd400000,0x0000000100000000)
 ParOldGen       total 78848K, used 58538K [0x00000000c0000000, 0x00000000c4d00000, 0x00000000eaa80000)
  object space 78848K, 74% used [0x00000000c0000000,0x00000000c392aa90,0x00000000c4d00000)
 PSPermGen       total 21504K, used 6530K [0x00000000b5a00000, 0x00000000b6f00000, 0x00000000c0000000)
  object space 21504K, 30% used [0x00000000b5a00000,0x00000000b6060828,0x00000000b6f00000)
Event: 9,597 GC heap after
Heap after GC invocations=11 (full 1):
 PSYoungGen      total 289280K, used 44380K [0x00000000eaa80000, 0x0000000100000000, 0x0000000100000000)
  eden space 244224K, 0% used [0x00000000eaa80000,0x00000000eaa80000,0x00000000f9900000)
  from space 45056K, 98% used [0x00000000fd400000,0x00000000fff57188,0x0000000100000000)
  to   space 52736K, 0% used [0x00000000f9900000,0x00000000f9900000,0x00000000fcc80000)
 ParOldGen       total 78848K, used 69527K [0x00000000c0000000, 0x00000000c4d00000, 0x00000000eaa80000)
  object space 78848K, 88% used [0x00000000c0000000,0x00000000c43e5fc8,0x00000000c4d00000)
 PSPermGen       total 21504K, used 6530K [0x00000000b5a00000, 0x00000000b6f00000, 0x00000000c0000000)
  object space 21504K, 30% used [0x00000000b5a00000,0x00000000b6060828,0x00000000b6f00000)
}
Event: 9,597 GC heap before
{Heap before GC invocations=12 (full 2):
 PSYoungGen      total 289280K, used 44380K [0x00000000eaa80000, 0x0000000100000000, 0x0000000100000000)
  eden space 244224K, 0% used [0x00000000eaa80000,0x00000000eaa80000,0x00000000f9900000)
  from space 45056K, 98% used [0x00000000fd400000,0x00000000fff57188,0x0000000100000000)
  to   space 52736K, 0% used [0x00000000f9900000,0x00000000f9900000,0x00000000fcc80000)
 ParOldGen       total 78848K, used 69527K [0x00000000c0000000, 0x00000000c4d00000, 0x00000000eaa80000)
  object space 78848K, 88% used [0x00000000c0000000,0x00000000c43e5fc8,0x00000000c4d00000)
 PSPermGen       total 21504K, used 6530K [0x00000000b5a00000, 0x00000000b6f00000, 0x00000000c0000000)
  object space 21504K, 30% used [0x00000000b5a00000,0x00000000b6060828,0x00000000b6f00000)
Event: 10,082 GC heap after
Heap after GC invocations=12 (full 2):
 PSYoungGen      total 289280K, used 31877K [0x00000000eaa80000, 0x0000000100000000, 0x0000000100000000)
  eden space 244224K, 0% used [0x00000000eaa80000,0x00000000eaa80000,0x00000000f9900000)
  from space 45056K, 70% used [0x00000000fd400000,0x00000000ff321550,0x0000000100000000)
  to   space 52736K, 0% used [0x00000000f9900000,0x00000000f9900000,0x00000000fcc80000)
 ParOldGen       total 136704K, used 78562K [0x00000000c0000000, 0x00000000c8580000, 0x00000000eaa80000)
  object space 136704K, 57% used [0x00000000c0000000,0x00000000c4cb8a08,0x00000000c8580000)
 PSPermGen       total 21504K, used 6529K [0x00000000b5a00000, 0x00000000b6f00000, 0x00000000c0000000)
  object space 21504K, 30% used [0x00000000b5a00000,0x00000000b6060648,0x00000000b6f00000)
}
Event: 11,019 GC heap before
{Heap before GC invocations=13 (full 2):
 PSYoungGen      total 289280K, used 276101K [0x00000000eaa80000, 0x0000000100000000, 0x0000000100000000)
  eden space 244224K, 100% used [0x00000000eaa80000,0x00000000f9900000,0x00000000f9900000)
  from space 45056K, 70% used [0x00000000fd400000,0x00000000ff321550,0x0000000100000000)
  to   space 52736K, 0% used [0x00000000f9900000,0x00000000f9900000,0x00000000fcc80000)
 ParOldGen       total 136704K, used 78562K [0x00000000c0000000, 0x00000000c8580000, 0x00000000eaa80000)
  object space 136704K, 57% used [0x00000000c0000000,0x00000000c4cb8a08,0x00000000c8580000)
 PSPermGen       total 21504K, used 6550K [0x00000000b5a00000, 0x00000000b6f00000, 0x00000000c0000000)
  object space 21504K, 30% used [0x00000000b5a00000,0x00000000b6065af8,0x00000000b6f00000)
Event: 11,138 GC heap after
Heap after GC invocations=13 (full 2):
 PSYoungGen      total 285696K, used 41155K [0x00000000eaa80000, 0x0000000100000000, 0x0000000100000000)
  eden space 244224K, 0% used [0x00000000eaa80000,0x00000000eaa80000,0x00000000f9900000)
  from space 41472K, 99% used [0x00000000f9900000,0x00000000fc130de8,0x00000000fc180000)
  to   space 57856K, 0% used [0x00000000fc780000,0x00000000fc780000,0x0000000100000000)
 ParOldGen       total 136704K, used 109326K [0x00000000c0000000, 0x00000000c8580000, 0x00000000eaa80000)
  object space 136704K, 79% used [0x00000000c0000000,0x00000000c6ac3808,0x00000000c8580000)
 PSPermGen       total 21504K, used 6550K [0x00000000b5a00000, 0x00000000b6f00000, 0x00000000c0000000)
  object space 21504K, 30% used [0x00000000b5a00000,0x00000000b6065af8,0x00000000b6f00000)
}
Event: 12,068 GC heap before
{Heap before GC invocations=14 (full 2):
 PSYoungGen      total 285696K, used 285379K [0x00000000eaa80000, 0x0000000100000000, 0x0000000100000000)
  eden space 244224K, 100% used [0x00000000eaa80000,0x00000000f9900000,0x00000000f9900000)
  from space 41472K, 99% used [0x00000000f9900000,0x00000000fc130de8,0x00000000fc180000)
  to   space 57856K, 0% used [0x00000000fc780000,0x00000000fc780000,0x0000000100000000)
 ParOldGen       total 136704K, used 109326K [0x00000000c0000000, 0x00000000c8580000, 0x00000000eaa80000)
  object space 136704K, 79% used [0x00000000c0000000,0x00000000c6ac3808,0x00000000c8580000)
 PSPermGen       total 21504K, used 6580K [0x00000000b5a00000, 0x00000000b6f00000, 0x00000000c0000000)
  object space 21504K, 30% used [0x00000000b5a00000,0x00000000b606d3d0,0x00000000b6f00000)
Event: 12,174 GC heap after
Heap after GC invocations=14 (full 2):
 PSYoungGen      total 256000K, used 57838K [0x00000000eaa80000, 0x0000000100000000, 0x0000000100000000)
  eden space 198144K, 0% used [0x00000000eaa80000,0x00000000eaa80000,0x00000000f6c00000)
  from space 57856K, 99% used [0x00000000fc780000,0x00000000ffffb9b8,0x0000000100000000)
  to   space 75776K, 0% used [0x00000000f6c00000,0x00000000f6c00000,0x00000000fb600000)
 ParOldGen       total 136704K, used 129965K [0x00000000c0000000, 0x00000000c8580000, 0x00000000eaa80000)
  object space 136704K, 95% used [0x00000000c0000000,0x00000000c7eeb750,0x00000000c8580000)
 PSPermGen       total 21504K, used 6580K [0x00000000b5a00000, 0x00000000b6f00000, 0x00000000c0000000)
  object space 21504K, 30% used [0x00000000b5a00000,0x00000000b606d3d0,0x00000000b6f00000)
}
Event: 12,174 GC heap before
{Heap before GC invocations=15 (full 3):
 PSYoungGen      total 256000K, used 57838K [0x00000000eaa80000, 0x0000000100000000, 0x0000000100000000)
  eden space 198144K, 0% used [0x00000000eaa80000,0x00000000eaa80000,0x00000000f6c00000)
  from space 57856K, 99% used [0x00000000fc780000,0x00000000ffffb9b8,0x0000000100000000)
  to   space 75776K, 0% used [0x00000000f6c00000,0x00000000f6c00000,0x00000000fb600000)
 ParOldGen       total 136704K, used 129965K [0x00000000c0000000, 0x00000000c8580000, 0x00000000eaa80000)
  object space 136704K, 95% used [0x00000000c0000000,0x00000000c7eeb750,0x00000000c8580000)
 PSPermGen       total 21504K, used 6580K [0x00000000b5a00000, 0x00000000b6f00000, 0x00000000c0000000)
  object space 21504K, 30% used [0x00000000b5a00000,0x00000000b606d3d0,0x00000000b6f00000)

