# JRE version: OpenJDK Runtime Environment (7.0_101) (build 1.7.0_101-b00)
# Java VM: OpenJDK 64-Bit Server VM (24.95-b01 mixed mode linux-amd64 compressed oops)
Heap
 PSYoungGen      total 233472K, used 38879K [0x00000000eaa80000, 0x0000000100000000, 0x0000000100000000)
  eden space 117248K, 0% used [0x00000000eaa80000,0x00000000eaa80000,0x00000000f1d00000)
  from space 116224K, 33% used [0x00000000f8e80000,0x00000000fb477dd8,0x0000000100000000)
  to   space 116224K, 0% used [0x00000000f1d00000,0x00000000f1d00000,0x00000000f8e80000)
 ParOldGen       total 381952K, used 381463K [0x00000000c0000000, 0x00000000d7500000, 0x00000000eaa80000)
  object space 381952K, 99% used [0x00000000c0000000,0x00000000d7485f30,0x00000000d7500000)
 PSPermGen       total 21504K, used 6670K [0x00000000b5a00000, 0x00000000b6f00000, 0x00000000c0000000)
  object space 21504K, 31% used [0x00000000b5a00000,0x00000000b6083bb8,0x00000000b6f00000)
GC Heap History (10 events):
Event: 15,419 GC heap after
Heap after GC invocations=22 (full 4):
 PSYoungGen      total 226304K, used 22859K [0x00000000eaa80000, 0x00000000ff900000, 0x0000000100000000)
  eden space 117248K, 0% used [0x00000000eaa80000,0x00000000eaa80000,0x00000000f1d00000)
  from space 109056K, 20% used [0x00000000f8e80000,0x00000000fa4d2cc8,0x00000000ff900000)
  to   space 112640K, 0% used [0x00000000f1d00000,0x00000000f1d00000,0x00000000f8b00000)
 ParOldGen       total 381952K, used 296540K [0x00000000c0000000, 0x00000000d7500000, 0x00000000eaa80000)
  object space 381952K, 77% used [0x00000000c0000000,0x00000000d2197220,0x00000000d7500000)
 PSPermGen       total 21504K, used 6654K [0x00000000b5a00000, 0x00000000b6f00000, 0x00000000c0000000)
  object space 21504K, 30% used [0x00000000b5a00000,0x00000000b607fb00,0x00000000b6f00000)
}
Event: 15,576 GC heap before
{Heap before GC invocations=23 (full 4):
 PSYoungGen      total 226304K, used 140107K [0x00000000eaa80000, 0x00000000ff900000, 0x0000000100000000)
  eden space 117248K, 100% used [0x00000000eaa80000,0x00000000f1d00000,0x00000000f1d00000)
  from space 109056K, 20% used [0x00000000f8e80000,0x00000000fa4d2cc8,0x00000000ff900000)
  to   space 112640K, 0% used [0x00000000f1d00000,0x00000000f1d00000,0x00000000f8b00000)
 ParOldGen       total 381952K, used 296540K [0x00000000c0000000, 0x00000000d7500000, 0x00000000eaa80000)
  object space 381952K, 77% used [0x00000000c0000000,0x00000000d2197220,0x00000000d7500000)
 PSPermGen       total 21504K, used 6657K [0x00000000b5a00000, 0x00000000b6f00000, 0x00000000c0000000)
  object space 21504K, 30% used [0x00000000b5a00000,0x00000000b60805e0,0x00000000b6f00000)
Event: 15,618 GC heap after
Heap after GC invocations=23 (full 4):
 PSYoungGen      total 229888K, used 39874K [0x00000000eaa80000, 0x00000000ff780000, 0x0000000100000000)
  eden space 117248K, 0% used [0x00000000eaa80000,0x00000000eaa80000,0x00000000f1d00000)
  from space 112640K, 35% used [0x00000000f1d00000,0x00000000f43f0ac8,0x00000000f8b00000)
  to   space 106496K, 0% used [0x00000000f8f80000,0x00000000f8f80000,0x00000000ff780000)
 ParOldGen       total 381952K, used 296540K [0x00000000c0000000, 0x00000000d7500000, 0x00000000eaa80000)
  object space 381952K, 77% used [0x00000000c0000000,0x00000000d2197220,0x00000000d7500000)
 PSPermGen       total 21504K, used 6657K [0x00000000b5a00000, 0x00000000b6f00000, 0x00000000c0000000)
  object space 21504K, 30% used [0x00000000b5a00000,0x00000000b60805e0,0x00000000b6f00000)
}
Event: 15,847 GC heap before
{Heap before GC invocations=24 (full 4):
 PSYoungGen      total 229888K, used 157122K [0x00000000eaa80000, 0x00000000ff780000, 0x0000000100000000)
  eden space 117248K, 100% used [0x00000000eaa80000,0x00000000f1d00000,0x00000000f1d00000)
  from space 112640K, 35% used [0x00000000f1d00000,0x00000000f43f0ac8,0x00000000f8b00000)
  to   space 106496K, 0% used [0x00000000f8f80000,0x00000000f8f80000,0x00000000ff780000)
 ParOldGen       total 381952K, used 296540K [0x00000000c0000000, 0x00000000d7500000, 0x00000000eaa80000)
  object space 381952K, 77% used [0x00000000c0000000,0x00000000d2197220,0x00000000d7500000)
 PSPermGen       total 21504K, used 6660K [0x00000000b5a00000, 0x00000000b6f00000, 0x00000000c0000000)
  object space 21504K, 30% used [0x00000000b5a00000,0x00000000b60810b0,0x00000000b6f00000)
Event: 15,904 GC heap after
Heap after GC invocations=24 (full 4):
 PSYoungGen      total 226304K, used 81742K [0x00000000eaa80000, 0x0000000100000000, 0x0000000100000000)
  eden space 119808K, 0% used [0x00000000eaa80000,0x00000000eaa80000,0x00000000f1f80000)
  from space 106496K, 76% used [0x00000000f8f80000,0x00000000fdf538a0,0x00000000ff780000)
  to   space 114688K, 0% used [0x00000000f1f80000,0x00000000f1f80000,0x00000000f8f80000)
 ParOldGen       total 381952K, used 296540K [0x00000000c0000000, 0x00000000d7500000, 0x00000000eaa80000)
  object space 381952K, 77% used [0x00000000c0000000,0x00000000d2197220,0x00000000d7500000)
 PSPermGen       total 21504K, used 6660K [0x00000000b5a00000, 0x00000000b6f00000, 0x00000000c0000000)
  object space 21504K, 30% used [0x00000000b5a00000,0x00000000b60810b0,0x00000000b6f00000)
}
Event: 16,477 GC heap before
{Heap before GC invocations=25 (full 4):
 PSYoungGen      total 226304K, used 201550K [0x00000000eaa80000, 0x0000000100000000, 0x0000000100000000)
  eden space 119808K, 100% used [0x00000000eaa80000,0x00000000f1f80000,0x00000000f1f80000)
  from space 106496K, 76% used [0x00000000f8f80000,0x00000000fdf538a0,0x00000000ff780000)
  to   space 114688K, 0% used [0x00000000f1f80000,0x00000000f1f80000,0x00000000f8f80000)
 ParOldGen       total 381952K, used 296540K [0x00000000c0000000, 0x00000000d7500000, 0x00000000eaa80000)
  object space 381952K, 77% used [0x00000000c0000000,0x00000000d2197220,0x00000000d7500000)
 PSPermGen       total 21504K, used 6670K [0x00000000b5a00000, 0x00000000b6f00000, 0x00000000c0000000)
  object space 21504K, 31% used [0x00000000b5a00000,0x00000000b6083b40,0x00000000b6f00000)
Event: 16,547 GC heap after
Heap after GC invocations=25 (full 4):
 PSYoungGen      total 195584K, used 75663K [0x00000000eaa80000, 0x0000000100000000, 0x0000000100000000)
  eden space 119808K, 0% used [0x00000000eaa80000,0x00000000eaa80000,0x00000000f1f80000)
  from space 75776K, 99% used [0x00000000f1f80000,0x00000000f6963d10,0x00000000f6980000)
  to   space 116224K, 0% used [0x00000000f8e80000,0x00000000f8e80000,0x0000000100000000)
 ParOldGen       total 381952K, used 296540K [0x00000000c0000000, 0x00000000d7500000, 0x00000000eaa80000)
  object space 381952K, 77% used [0x00000000c0000000,0x00000000d2197220,0x00000000d7500000)
 PSPermGen       total 21504K, used 6670K [0x00000000b5a00000, 0x00000000b6f00000, 0x00000000c0000000)
  object space 21504K, 31% used [0x00000000b5a00000,0x00000000b6083b40,0x00000000b6f00000)
}
Event: 16,752 GC heap before
{Heap before GC invocations=26 (full 4):
 PSYoungGen      total 195584K, used 195471K [0x00000000eaa80000, 0x0000000100000000, 0x0000000100000000)
  eden space 119808K, 100% used [0x00000000eaa80000,0x00000000f1f80000,0x00000000f1f80000)
  from space 75776K, 99% used [0x00000000f1f80000,0x00000000f6963d10,0x00000000f6980000)
  to   space 116224K, 0% used [0x00000000f8e80000,0x00000000f8e80000,0x0000000100000000)
 ParOldGen       total 381952K, used 296540K [0x00000000c0000000, 0x00000000d7500000, 0x00000000eaa80000)
  object space 381952K, 77% used [0x00000000c0000000,0x00000000d2197220,0x00000000d7500000)
 PSPermGen       total 21504K, used 6670K [0x00000000b5a00000, 0x00000000b6f00000, 0x00000000c0000000)
  object space 21504K, 31% used [0x00000000b5a00000,0x00000000b6083bf8,0x00000000b6f00000)
Event: 16,860 GC heap after
Heap after GC invocations=26 (full 4):
 PSYoungGen      total 233472K, used 93716K [0x00000000eaa80000, 0x0000000100000000, 0x0000000100000000)
  eden space 117248K, 0% used [0x00000000eaa80000,0x00000000eaa80000,0x00000000f1d00000)
  from space 116224K, 80% used [0x00000000f8e80000,0x00000000fea053b8,0x0000000100000000)
  to   space 116224K, 0% used [0x00000000f1d00000,0x00000000f1d00000,0x00000000f8e80000)
 ParOldGen       total 381952K, used 332332K [0x00000000c0000000, 0x00000000d7500000, 0x00000000eaa80000)
  object space 381952K, 87% used [0x00000000c0000000,0x00000000d448b078,0x00000000d7500000)
 PSPermGen       total 21504K, used 6670K [0x00000000b5a00000, 0x00000000b6f00000, 0x00000000c0000000)
  object space 21504K, 31% used [0x00000000b5a00000,0x00000000b6083bf8,0x00000000b6f00000)
}
Event: 16,860 GC heap before
{Heap before GC invocations=27 (full 5):
 PSYoungGen      total 233472K, used 93716K [0x00000000eaa80000, 0x0000000100000000, 0x0000000100000000)
  eden space 117248K, 0% used [0x00000000eaa80000,0x00000000eaa80000,0x00000000f1d00000)
  from space 116224K, 80% used [0x00000000f8e80000,0x00000000fea053b8,0x0000000100000000)
  to   space 116224K, 0% used [0x00000000f1d00000,0x00000000f1d00000,0x00000000f8e80000)
 ParOldGen       total 381952K, used 332332K [0x00000000c0000000, 0x00000000d7500000, 0x00000000eaa80000)
  object space 381952K, 87% used [0x00000000c0000000,0x00000000d448b078,0x00000000d7500000)
 PSPermGen       total 21504K, used 6670K [0x00000000b5a00000, 0x00000000b6f00000, 0x00000000c0000000)
  object space 21504K, 31% used [0x00000000b5a00000,0x00000000b6083bf8,0x00000000b6f00000)

