# JRE version: OpenJDK Runtime Environment (7.0_101) (build 1.7.0_101-b00)
# Java VM: OpenJDK 64-Bit Server VM (24.95-b01 mixed mode linux-amd64 compressed oops)
Heap
 PSYoungGen      total 187392K, used 51595K [0x00000000eaa80000, 0x0000000100000000, 0x0000000100000000)
  eden space 117248K, 0% used [0x00000000eaa80000,0x00000000eaa80000,0x00000000f1d00000)
  from space 70144K, 73% used [0x00000000fbb80000,0x00000000fede2e58,0x0000000100000000)
  to   space 116224K, 0% used [0x00000000f1d00000,0x00000000f1d00000,0x00000000f8e80000)
 ParOldGen       total 246784K, used 246358K [0x00000000c0000000, 0x00000000cf100000, 0x00000000eaa80000)
  object space 246784K, 99% used [0x00000000c0000000,0x00000000cf0958f0,0x00000000cf100000)
 PSPermGen       total 21504K, used 6525K [0x00000000b5a00000, 0x00000000b6f00000, 0x00000000c0000000)
  object space 21504K, 30% used [0x00000000b5a00000,0x00000000b605f790,0x00000000b6f00000)
GC Heap History (10 events):
Event: 12,040 GC heap after
Heap after GC invocations=11 (full 2):
 PSYoungGen      total 264192K, used 14774K [0x00000000eaa80000, 0x00000000fe900000, 0x0000000100000000)
  eden space 232960K, 0% used [0x00000000eaa80000,0x00000000eaa80000,0x00000000f8e00000)
  from space 31232K, 47% used [0x00000000f9000000,0x00000000f9e6d810,0x00000000fae80000)
  to   space 46592K, 0% used [0x00000000fbb80000,0x00000000fbb80000,0x00000000fe900000)
 ParOldGen       total 141824K, used 79409K [0x00000000c0000000, 0x00000000c8a80000, 0x00000000eaa80000)
  object space 141824K, 55% used [0x00000000c0000000,0x00000000c4d8c710,0x00000000c8a80000)
 PSPermGen       total 21504K, used 6468K [0x00000000b5a00000, 0x00000000b6f00000, 0x00000000c0000000)
  object space 21504K, 30% used [0x00000000b5a00000,0x00000000b60511d8,0x00000000b6f00000)
}
Event: 13,743 GC heap before
{Heap before GC invocations=12 (full 2):
 PSYoungGen      total 264192K, used 247734K [0x00000000eaa80000, 0x00000000fe900000, 0x0000000100000000)
  eden space 232960K, 100% used [0x00000000eaa80000,0x00000000f8e00000,0x00000000f8e00000)
  from space 31232K, 47% used [0x00000000f9000000,0x00000000f9e6d810,0x00000000fae80000)
  to   space 46592K, 0% used [0x00000000fbb80000,0x00000000fbb80000,0x00000000fe900000)
 ParOldGen       total 141824K, used 79409K [0x00000000c0000000, 0x00000000c8a80000, 0x00000000eaa80000)
  object space 141824K, 55% used [0x00000000c0000000,0x00000000c4d8c710,0x00000000c8a80000)
 PSPermGen       total 21504K, used 6496K [0x00000000b5a00000, 0x00000000b6f00000, 0x00000000c0000000)
  object space 21504K, 30% used [0x00000000b5a00000,0x00000000b60581a0,0x00000000b6f00000)
Event: 13,838 GC heap after
Heap after GC invocations=12 (full 2):
 PSYoungGen      total 268288K, used 46591K [0x00000000eaa80000, 0x0000000100000000, 0x0000000100000000)
  eden space 221696K, 0% used [0x00000000eaa80000,0x00000000eaa80000,0x00000000f8300000)
  from space 46592K, 99% used [0x00000000fbb80000,0x00000000fe8ffcb0,0x00000000fe900000)
  to   space 57856K, 0% used [0x00000000f8300000,0x00000000f8300000,0x00000000fbb80000)
 ParOldGen       total 141824K, used 86799K [0x00000000c0000000, 0x00000000c8a80000, 0x00000000eaa80000)
  object space 141824K, 61% used [0x00000000c0000000,0x00000000c54c3d10,0x00000000c8a80000)
 PSPermGen       total 21504K, used 6496K [0x00000000b5a00000, 0x00000000b6f00000, 0x00000000c0000000)
  object space 21504K, 30% used [0x00000000b5a00000,0x00000000b60581a0,0x00000000b6f00000)
}
Event: 15,220 GC heap before
{Heap before GC invocations=13 (full 2):
 PSYoungGen      total 268288K, used 268287K [0x00000000eaa80000, 0x0000000100000000, 0x0000000100000000)
  eden space 221696K, 100% used [0x00000000eaa80000,0x00000000f8300000,0x00000000f8300000)
  from space 46592K, 99% used [0x00000000fbb80000,0x00000000fe8ffcb0,0x00000000fe900000)
  to   space 57856K, 0% used [0x00000000f8300000,0x00000000f8300000,0x00000000fbb80000)
 ParOldGen       total 141824K, used 86799K [0x00000000c0000000, 0x00000000c8a80000, 0x00000000eaa80000)
  object space 141824K, 61% used [0x00000000c0000000,0x00000000c54c3d10,0x00000000c8a80000)
 PSPermGen       total 21504K, used 6516K [0x00000000b5a00000, 0x00000000b6f00000, 0x00000000c0000000)
  object space 21504K, 30% used [0x00000000b5a00000,0x00000000b605d140,0x00000000b6f00000)
Event: 15,343 GC heap after
Heap after GC invocations=13 (full 2):
 PSYoungGen      total 279552K, used 57849K [0x00000000eaa80000, 0x0000000100000000, 0x0000000100000000)
  eden space 221696K, 0% used [0x00000000eaa80000,0x00000000eaa80000,0x00000000f8300000)
  from space 57856K, 99% used [0x00000000f8300000,0x00000000fbb7e608,0x00000000fbb80000)
  to   space 70144K, 0% used [0x00000000fbb80000,0x00000000fbb80000,0x0000000100000000)
 ParOldGen       total 149504K, used 149378K [0x00000000c0000000, 0x00000000c9200000, 0x00000000eaa80000)
  object space 149504K, 99% used [0x00000000c0000000,0x00000000c91e0af0,0x00000000c9200000)
 PSPermGen       total 21504K, used 6516K [0x00000000b5a00000, 0x00000000b6f00000, 0x00000000c0000000)
  object space 21504K, 30% used [0x00000000b5a00000,0x00000000b605d140,0x00000000b6f00000)
}
Event: 15,343 GC heap before
{Heap before GC invocations=14 (full 3):
 PSYoungGen      total 279552K, used 57849K [0x00000000eaa80000, 0x0000000100000000, 0x0000000100000000)
  eden space 221696K, 0% used [0x00000000eaa80000,0x00000000eaa80000,0x00000000f8300000)
  from space 57856K, 99% used [0x00000000f8300000,0x00000000fbb7e608,0x00000000fbb80000)
  to   space 70144K, 0% used [0x00000000fbb80000,0x00000000fbb80000,0x0000000100000000)
 ParOldGen       total 149504K, used 149378K [0x00000000c0000000, 0x00000000c9200000, 0x00000000eaa80000)
  object space 149504K, 99% used [0x00000000c0000000,0x00000000c91e0af0,0x00000000c9200000)
 PSPermGen       total 21504K, used 6516K [0x00000000b5a00000, 0x00000000b6f00000, 0x00000000c0000000)
  object space 21504K, 30% used [0x00000000b5a00000,0x00000000b605d140,0x00000000b6f00000)
Event: 15,947 GC heap after
Heap after GC invocations=14 (full 3):
 PSYoungGen      total 279552K, used 46150K [0x00000000eaa80000, 0x0000000100000000, 0x0000000100000000)
  eden space 221696K, 0% used [0x00000000eaa80000,0x00000000eaa80000,0x00000000f8300000)
  from space 57856K, 79% used [0x00000000f8300000,0x00000000fb011bf8,0x00000000fbb80000)
  to   space 70144K, 0% used [0x00000000fbb80000,0x00000000fbb80000,0x0000000100000000)
 ParOldGen       total 246784K, used 149138K [0x00000000c0000000, 0x00000000cf100000, 0x00000000eaa80000)
  object space 246784K, 60% used [0x00000000c0000000,0x00000000c91a4880,0x00000000cf100000)
 PSPermGen       total 21504K, used 6515K [0x00000000b5a00000, 0x00000000b6f00000, 0x00000000c0000000)
  object space 21504K, 30% used [0x00000000b5a00000,0x00000000b605ce20,0x00000000b6f00000)
}
Event: 16,311 GC heap before
{Heap before GC invocations=15 (full 3):
 PSYoungGen      total 279552K, used 267846K [0x00000000eaa80000, 0x0000000100000000, 0x0000000100000000)
  eden space 221696K, 100% used [0x00000000eaa80000,0x00000000f8300000,0x00000000f8300000)
  from space 57856K, 79% used [0x00000000f8300000,0x00000000fb011bf8,0x00000000fbb80000)
  to   space 70144K, 0% used [0x00000000fbb80000,0x00000000fbb80000,0x0000000100000000)
 ParOldGen       total 246784K, used 149138K [0x00000000c0000000, 0x00000000cf100000, 0x00000000eaa80000)
  object space 246784K, 60% used [0x00000000c0000000,0x00000000c91a4880,0x00000000cf100000)
 PSPermGen       total 21504K, used 6525K [0x00000000b5a00000, 0x00000000b6f00000, 0x00000000c0000000)
  object space 21504K, 30% used [0x00000000b5a00000,0x00000000b605f7b0,0x00000000b6f00000)
Event: 16,543 GC heap after
Heap after GC invocations=15 (full 3):
 PSYoungGen      total 187392K, used 70115K [0x00000000eaa80000, 0x0000000100000000, 0x0000000100000000)
  eden space 117248K, 0% used [0x00000000eaa80000,0x00000000eaa80000,0x00000000f1d00000)
  from space 70144K, 99% used [0x00000000fbb80000,0x00000000ffff8ff8,0x0000000100000000)
  to   space 116224K, 0% used [0x00000000f1d00000,0x00000000f1d00000,0x00000000f8e80000)
 ParOldGen       total 246784K, used 238916K [0x00000000c0000000, 0x00000000cf100000, 0x00000000eaa80000)
  object space 246784K, 96% used [0x00000000c0000000,0x00000000ce951358,0x00000000cf100000)
 PSPermGen       total 21504K, used 6525K [0x00000000b5a00000, 0x00000000b6f00000, 0x00000000c0000000)
  object space 21504K, 30% used [0x00000000b5a00000,0x00000000b605f7b0,0x00000000b6f00000)
}
Event: 16,543 GC heap before
{Heap before GC invocations=16 (full 4):
 PSYoungGen      total 187392K, used 70115K [0x00000000eaa80000, 0x0000000100000000, 0x0000000100000000)
  eden space 117248K, 0% used [0x00000000eaa80000,0x00000000eaa80000,0x00000000f1d00000)
  from space 70144K, 99% used [0x00000000fbb80000,0x00000000ffff8ff8,0x0000000100000000)
  to   space 116224K, 0% used [0x00000000f1d00000,0x00000000f1d00000,0x00000000f8e80000)
 ParOldGen       total 246784K, used 238916K [0x00000000c0000000, 0x00000000cf100000, 0x00000000eaa80000)
  object space 246784K, 96% used [0x00000000c0000000,0x00000000ce951358,0x00000000cf100000)
 PSPermGen       total 21504K, used 6525K [0x00000000b5a00000, 0x00000000b6f00000, 0x00000000c0000000)
  object space 21504K, 30% used [0x00000000b5a00000,0x00000000b605f7b0,0x00000000b6f00000)

