# JRE version: OpenJDK Runtime Environment (7.0_101) (build 1.7.0_101-b00)
# Java VM: OpenJDK 64-Bit Server VM (24.95-b01 mixed mode linux-amd64 compressed oops)
Heap
 PSYoungGen      total 161792K, used 0K [0x00000000eaa80000, 0x00000000ffd00000, 0x0000000100000000)
  eden space 117248K, 0% used [0x00000000eaa80000,0x00000000eaa80000,0x00000000f1d00000)
  from space 44544K, 0% used [0x00000000f1d00000,0x00000000f1d00000,0x00000000f4880000)
  to   space 114688K, 0% used [0x00000000f8d00000,0x00000000f8d00000,0x00000000ffd00000)
 ParOldGen       total 418304K, used 316189K [0x00000000c0000000, 0x00000000d9880000, 0x00000000eaa80000)
  object space 418304K, 75% used [0x00000000c0000000,0x00000000d34c75f8,0x00000000d9880000)
 PSPermGen       total 21504K, used 6522K [0x00000000b5a00000, 0x00000000b6f00000, 0x00000000c0000000)
  object space 21504K, 30% used [0x00000000b5a00000,0x00000000b605eae8,0x00000000b6f00000)
GC Heap History (10 events):
Event: 19,066 GC heap after
Heap after GC invocations=22 (full 5):
 PSYoungGen      total 172544K, used 55186K [0x00000000eaa80000, 0x00000000ffc00000, 0x0000000100000000)
  eden space 117248K, 0% used [0x00000000eaa80000,0x00000000eaa80000,0x00000000f1d00000)
  from space 55296K, 99% used [0x00000000f1d00000,0x00000000f52e4940,0x00000000f5300000)
  to   space 114176K, 0% used [0x00000000f8c80000,0x00000000f8c80000,0x00000000ffc00000)
 ParOldGen       total 418304K, used 290531K [0x00000000c0000000, 0x00000000d9880000, 0x00000000eaa80000)
  object space 418304K, 69% used [0x00000000c0000000,0x00000000d1bb8ce0,0x00000000d9880000)
 PSPermGen       total 21504K, used 6521K [0x00000000b5a00000, 0x00000000b6f00000, 0x00000000c0000000)
  object space 21504K, 30% used [0x00000000b5a00000,0x00000000b605e468,0x00000000b6f00000)
}
Event: 19,283 GC heap before
{Heap before GC invocations=23 (full 5):
 PSYoungGen      total 172544K, used 172434K [0x00000000eaa80000, 0x00000000ffc00000, 0x0000000100000000)
  eden space 117248K, 100% used [0x00000000eaa80000,0x00000000f1d00000,0x00000000f1d00000)
  from space 55296K, 99% used [0x00000000f1d00000,0x00000000f52e4940,0x00000000f5300000)
  to   space 114176K, 0% used [0x00000000f8c80000,0x00000000f8c80000,0x00000000ffc00000)
 ParOldGen       total 418304K, used 290531K [0x00000000c0000000, 0x00000000d9880000, 0x00000000eaa80000)
  object space 418304K, 69% used [0x00000000c0000000,0x00000000d1bb8ce0,0x00000000d9880000)
 PSPermGen       total 21504K, used 6521K [0x00000000b5a00000, 0x00000000b6f00000, 0x00000000c0000000)
  object space 21504K, 30% used [0x00000000b5a00000,0x00000000b605e548,0x00000000b6f00000)
Event: 19,338 GC heap after
Heap after GC invocations=23 (full 5):
 PSYoungGen      total 229376K, used 81964K [0x00000000eaa80000, 0x0000000100000000, 0x0000000100000000)
  eden space 115200K, 0% used [0x00000000eaa80000,0x00000000eaa80000,0x00000000f1b00000)
  from space 114176K, 71% used [0x00000000f8c80000,0x00000000fdc8b190,0x00000000ffc00000)
  to   space 116224K, 0% used [0x00000000f1b00000,0x00000000f1b00000,0x00000000f8c80000)
 ParOldGen       total 418304K, used 290531K [0x00000000c0000000, 0x00000000d9880000, 0x00000000eaa80000)
  object space 418304K, 69% used [0x00000000c0000000,0x00000000d1bb8ce0,0x00000000d9880000)
 PSPermGen       total 21504K, used 6521K [0x00000000b5a00000, 0x00000000b6f00000, 0x00000000c0000000)
  object space 21504K, 30% used [0x00000000b5a00000,0x00000000b605e548,0x00000000b6f00000)
}
Event: 19,564 GC heap before
{Heap before GC invocations=24 (full 5):
 PSYoungGen      total 229376K, used 197164K [0x00000000eaa80000, 0x0000000100000000, 0x0000000100000000)
  eden space 115200K, 100% used [0x00000000eaa80000,0x00000000f1b00000,0x00000000f1b00000)
  from space 114176K, 71% used [0x00000000f8c80000,0x00000000fdc8b190,0x00000000ffc00000)
  to   space 116224K, 0% used [0x00000000f1b00000,0x00000000f1b00000,0x00000000f8c80000)
 ParOldGen       total 418304K, used 290531K [0x00000000c0000000, 0x00000000d9880000, 0x00000000eaa80000)
  object space 418304K, 69% used [0x00000000c0000000,0x00000000d1bb8ce0,0x00000000d9880000)
 PSPermGen       total 21504K, used 6521K [0x00000000b5a00000, 0x00000000b6f00000, 0x00000000c0000000)
  object space 21504K, 30% used [0x00000000b5a00000,0x00000000b605e568,0x00000000b6f00000)
Event: 19,625 GC heap after
Heap after GC invocations=24 (full 5):
 PSYoungGen      total 231424K, used 33426K [0x00000000eaa80000, 0x0000000100000000, 0x0000000100000000)
  eden space 115200K, 0% used [0x00000000eaa80000,0x00000000eaa80000,0x00000000f1b00000)
  from space 116224K, 28% used [0x00000000f1b00000,0x00000000f3ba4878,0x00000000f8c80000)
  to   space 116224K, 0% used [0x00000000f8e80000,0x00000000f8e80000,0x0000000100000000)
 ParOldGen       total 418304K, used 331747K [0x00000000c0000000, 0x00000000d9880000, 0x00000000eaa80000)
  object space 418304K, 79% used [0x00000000c0000000,0x00000000d43f8f30,0x00000000d9880000)
 PSPermGen       total 21504K, used 6521K [0x00000000b5a00000, 0x00000000b6f00000, 0x00000000c0000000)
  object space 21504K, 30% used [0x00000000b5a00000,0x00000000b605e568,0x00000000b6f00000)
}
Event: 19,880 GC heap before
{Heap before GC invocations=25 (full 5):
 PSYoungGen      total 231424K, used 148626K [0x00000000eaa80000, 0x0000000100000000, 0x0000000100000000)
  eden space 115200K, 100% used [0x00000000eaa80000,0x00000000f1b00000,0x00000000f1b00000)
  from space 116224K, 28% used [0x00000000f1b00000,0x00000000f3ba4878,0x00000000f8c80000)
  to   space 116224K, 0% used [0x00000000f8e80000,0x00000000f8e80000,0x0000000100000000)
 ParOldGen       total 418304K, used 331747K [0x00000000c0000000, 0x00000000d9880000, 0x00000000eaa80000)
  object space 418304K, 79% used [0x00000000c0000000,0x00000000d43f8f30,0x00000000d9880000)
 PSPermGen       total 21504K, used 6521K [0x00000000b5a00000, 0x00000000b6f00000, 0x00000000c0000000)
  object space 21504K, 30% used [0x00000000b5a00000,0x00000000b605e6a8,0x00000000b6f00000)
Event: 19,933 GC heap after
Heap after GC invocations=25 (full 5):
 PSYoungGen      total 233472K, used 77989K [0x00000000eaa80000, 0x0000000100000000, 0x0000000100000000)
  eden space 117248K, 0% used [0x00000000eaa80000,0x00000000eaa80000,0x00000000f1d00000)
  from space 116224K, 67% used [0x00000000f8e80000,0x00000000fdaa9450,0x0000000100000000)
  to   space 116224K, 0% used [0x00000000f1d00000,0x00000000f1d00000,0x00000000f8e80000)
 ParOldGen       total 418304K, used 331747K [0x00000000c0000000, 0x00000000d9880000, 0x00000000eaa80000)
  object space 418304K, 79% used [0x00000000c0000000,0x00000000d43f8f30,0x00000000d9880000)
 PSPermGen       total 21504K, used 6521K [0x00000000b5a00000, 0x00000000b6f00000, 0x00000000c0000000)
  object space 21504K, 30% used [0x00000000b5a00000,0x00000000b605e6a8,0x00000000b6f00000)
}
Event: 20,045 GC heap before
{Heap before GC invocations=26 (full 5):
 PSYoungGen      total 233472K, used 195237K [0x00000000eaa80000, 0x0000000100000000, 0x0000000100000000)
  eden space 117248K, 100% used [0x00000000eaa80000,0x00000000f1d00000,0x00000000f1d00000)
  from space 116224K, 67% used [0x00000000f8e80000,0x00000000fdaa9450,0x0000000100000000)
  to   space 116224K, 0% used [0x00000000f1d00000,0x00000000f1d00000,0x00000000f8e80000)
 ParOldGen       total 418304K, used 331747K [0x00000000c0000000, 0x00000000d9880000, 0x00000000eaa80000)
  object space 418304K, 79% used [0x00000000c0000000,0x00000000d43f8f30,0x00000000d9880000)
 PSPermGen       total 21504K, used 6522K [0x00000000b5a00000, 0x00000000b6f00000, 0x00000000c0000000)
  object space 21504K, 30% used [0x00000000b5a00000,0x00000000b605eb08,0x00000000b6f00000)
Event: 20,127 GC heap after
Heap after GC invocations=26 (full 5):
 PSYoungGen      total 161792K, used 44098K [0x00000000eaa80000, 0x00000000ffd00000, 0x0000000100000000)
  eden space 117248K, 0% used [0x00000000eaa80000,0x00000000eaa80000,0x00000000f1d00000)
  from space 44544K, 99% used [0x00000000f1d00000,0x00000000f4810b38,0x00000000f4880000)
  to   space 114688K, 0% used [0x00000000f8d00000,0x00000000f8d00000,0x00000000ffd00000)
 ParOldGen       total 418304K, used 409150K [0x00000000c0000000, 0x00000000d9880000, 0x00000000eaa80000)
  object space 418304K, 97% used [0x00000000c0000000,0x00000000d8f8f850,0x00000000d9880000)
 PSPermGen       total 21504K, used 6522K [0x00000000b5a00000, 0x00000000b6f00000, 0x00000000c0000000)
  object space 21504K, 30% used [0x00000000b5a00000,0x00000000b605eb08,0x00000000b6f00000)
}
Event: 20,127 GC heap before
{Heap before GC invocations=27 (full 6):
 PSYoungGen      total 161792K, used 44098K [0x00000000eaa80000, 0x00000000ffd00000, 0x0000000100000000)
  eden space 117248K, 0% used [0x00000000eaa80000,0x00000000eaa80000,0x00000000f1d00000)
  from space 44544K, 99% used [0x00000000f1d00000,0x00000000f4810b38,0x00000000f4880000)
  to   space 114688K, 0% used [0x00000000f8d00000,0x00000000f8d00000,0x00000000ffd00000)
 ParOldGen       total 418304K, used 409150K [0x00000000c0000000, 0x00000000d9880000, 0x00000000eaa80000)
  object space 418304K, 97% used [0x00000000c0000000,0x00000000d8f8f850,0x00000000d9880000)
 PSPermGen       total 21504K, used 6522K [0x00000000b5a00000, 0x00000000b6f00000, 0x00000000c0000000)
  object space 21504K, 30% used [0x00000000b5a00000,0x00000000b605eb08,0x00000000b6f00000)

