# JRE version: OpenJDK Runtime Environment (7.0_101) (build 1.7.0_101-b00)
# Java VM: OpenJDK 64-Bit Server VM (24.95-b01 mixed mode linux-amd64 compressed oops)
Heap
 PSYoungGen      total 222208K, used 0K [0x00000000eaa80000, 0x00000000ff500000, 0x0000000100000000)
  eden space 117248K, 0% used [0x00000000eaa80000,0x00000000eaa80000,0x00000000f1d00000)
  from space 104960K, 0% used [0x00000000f8e80000,0x00000000f8e80000,0x00000000ff500000)
  to   space 110592K, 0% used [0x00000000f1d00000,0x00000000f1d00000,0x00000000f8900000)
 ParOldGen       total 390144K, used 306648K [0x00000000c0000000, 0x00000000d7d00000, 0x00000000eaa80000)
  object space 390144K, 78% used [0x00000000c0000000,0x00000000d2b76020,0x00000000d7d00000)
 PSPermGen       total 21504K, used 6522K [0x00000000b5a00000, 0x00000000b6f00000, 0x00000000c0000000)
  object space 21504K, 30% used [0x00000000b5a00000,0x00000000b605e8a0,0x00000000b6f00000)
GC Heap History (10 events):
Event: 18,972 GC heap after
Heap after GC invocations=21 (full 4):
 PSYoungGen      total 233472K, used 62968K [0x00000000eaa80000, 0x0000000100000000, 0x0000000100000000)
  eden space 117248K, 0% used [0x00000000eaa80000,0x00000000eaa80000,0x00000000f1d00000)
  from space 116224K, 54% used [0x00000000f1d00000,0x00000000f5a7e2b0,0x00000000f8e80000)
  to   space 116224K, 0% used [0x00000000f8e80000,0x00000000f8e80000,0x0000000100000000)
 ParOldGen       total 361472K, used 319648K [0x00000000c0000000, 0x00000000d6100000, 0x00000000eaa80000)
  object space 361472K, 88% used [0x00000000c0000000,0x00000000d3828238,0x00000000d6100000)
 PSPermGen       total 21504K, used 6521K [0x00000000b5a00000, 0x00000000b6f00000, 0x00000000c0000000)
  object space 21504K, 30% used [0x00000000b5a00000,0x00000000b605e498,0x00000000b6f00000)
}
Event: 18,972 GC heap before
{Heap before GC invocations=22 (full 5):
 PSYoungGen      total 233472K, used 62968K [0x00000000eaa80000, 0x0000000100000000, 0x0000000100000000)
  eden space 117248K, 0% used [0x00000000eaa80000,0x00000000eaa80000,0x00000000f1d00000)
  from space 116224K, 54% used [0x00000000f1d00000,0x00000000f5a7e2b0,0x00000000f8e80000)
  to   space 116224K, 0% used [0x00000000f8e80000,0x00000000f8e80000,0x0000000100000000)
 ParOldGen       total 361472K, used 319648K [0x00000000c0000000, 0x00000000d6100000, 0x00000000eaa80000)
  object space 361472K, 88% used [0x00000000c0000000,0x00000000d3828238,0x00000000d6100000)
 PSPermGen       total 21504K, used 6521K [0x00000000b5a00000, 0x00000000b6f00000, 0x00000000c0000000)
  object space 21504K, 30% used [0x00000000b5a00000,0x00000000b605e498,0x00000000b6f00000)
Event: 19,444 GC heap after
Heap after GC invocations=22 (full 5):
 PSYoungGen      total 233472K, used 0K [0x00000000eaa80000, 0x0000000100000000, 0x0000000100000000)
  eden space 117248K, 0% used [0x00000000eaa80000,0x00000000eaa80000,0x00000000f1d00000)
  from space 116224K, 0% used [0x00000000f1d00000,0x00000000f1d00000,0x00000000f8e80000)
  to   space 116224K, 0% used [0x00000000f8e80000,0x00000000f8e80000,0x0000000100000000)
 ParOldGen       total 390144K, used 216947K [0x00000000c0000000, 0x00000000d7d00000, 0x00000000eaa80000)
  object space 390144K, 55% used [0x00000000c0000000,0x00000000cd3dced8,0x00000000d7d00000)
 PSPermGen       total 21504K, used 6520K [0x00000000b5a00000, 0x00000000b6f00000, 0x00000000c0000000)
  object space 21504K, 30% used [0x00000000b5a00000,0x00000000b605e398,0x00000000b6f00000)
}
Event: 19,565 GC heap before
{Heap before GC invocations=23 (full 5):
 PSYoungGen      total 233472K, used 117248K [0x00000000eaa80000, 0x0000000100000000, 0x0000000100000000)
  eden space 117248K, 100% used [0x00000000eaa80000,0x00000000f1d00000,0x00000000f1d00000)
  from space 116224K, 0% used [0x00000000f1d00000,0x00000000f1d00000,0x00000000f8e80000)
  to   space 116224K, 0% used [0x00000000f8e80000,0x00000000f8e80000,0x0000000100000000)
 ParOldGen       total 390144K, used 216947K [0x00000000c0000000, 0x00000000d7d00000, 0x00000000eaa80000)
  object space 390144K, 55% used [0x00000000c0000000,0x00000000cd3dced8,0x00000000d7d00000)
 PSPermGen       total 21504K, used 6520K [0x00000000b5a00000, 0x00000000b6f00000, 0x00000000c0000000)
  object space 21504K, 30% used [0x00000000b5a00000,0x00000000b605e398,0x00000000b6f00000)
Event: 19,593 GC heap after
Heap after GC invocations=23 (full 5):
 PSYoungGen      total 233472K, used 59912K [0x00000000eaa80000, 0x0000000100000000, 0x0000000100000000)
  eden space 117248K, 0% used [0x00000000eaa80000,0x00000000eaa80000,0x00000000f1d00000)
  from space 116224K, 51% used [0x00000000f8e80000,0x00000000fc902370,0x0000000100000000)
  to   space 116224K, 0% used [0x00000000f1d00000,0x00000000f1d00000,0x00000000f8e80000)
 ParOldGen       total 390144K, used 216947K [0x00000000c0000000, 0x00000000d7d00000, 0x00000000eaa80000)
  object space 390144K, 55% used [0x00000000c0000000,0x00000000cd3dced8,0x00000000d7d00000)
 PSPermGen       total 21504K, used 6520K [0x00000000b5a00000, 0x00000000b6f00000, 0x00000000c0000000)
  object space 21504K, 30% used [0x00000000b5a00000,0x00000000b605e398,0x00000000b6f00000)
}
Event: 19,765 GC heap before
{Heap before GC invocations=24 (full 5):
 PSYoungGen      total 233472K, used 177160K [0x00000000eaa80000, 0x0000000100000000, 0x0000000100000000)
  eden space 117248K, 100% used [0x00000000eaa80000,0x00000000f1d00000,0x00000000f1d00000)
  from space 116224K, 51% used [0x00000000f8e80000,0x00000000fc902370,0x0000000100000000)
  to   space 116224K, 0% used [0x00000000f1d00000,0x00000000f1d00000,0x00000000f8e80000)
 ParOldGen       total 390144K, used 216947K [0x00000000c0000000, 0x00000000d7d00000, 0x00000000eaa80000)
  object space 390144K, 55% used [0x00000000c0000000,0x00000000cd3dced8,0x00000000d7d00000)
 PSPermGen       total 21504K, used 6520K [0x00000000b5a00000, 0x00000000b6f00000, 0x00000000c0000000)
  object space 21504K, 30% used [0x00000000b5a00000,0x00000000b605e3b8,0x00000000b6f00000)
Event: 19,813 GC heap after
Heap after GC invocations=24 (full 5):
 PSYoungGen      total 233472K, used 42974K [0x00000000eaa80000, 0x0000000100000000, 0x0000000100000000)
  eden space 117248K, 0% used [0x00000000eaa80000,0x00000000eaa80000,0x00000000f1d00000)
  from space 116224K, 36% used [0x00000000f1d00000,0x00000000f46f7be8,0x00000000f8e80000)
  to   space 116224K, 0% used [0x00000000f8e80000,0x00000000f8e80000,0x0000000100000000)
 ParOldGen       total 390144K, used 277339K [0x00000000c0000000, 0x00000000d7d00000, 0x00000000eaa80000)
  object space 390144K, 71% used [0x00000000c0000000,0x00000000d0ed6d48,0x00000000d7d00000)
 PSPermGen       total 21504K, used 6520K [0x00000000b5a00000, 0x00000000b6f00000, 0x00000000c0000000)
  object space 21504K, 30% used [0x00000000b5a00000,0x00000000b605e3b8,0x00000000b6f00000)
}
Event: 20,118 GC heap before
{Heap before GC invocations=25 (full 5):
 PSYoungGen      total 233472K, used 160222K [0x00000000eaa80000, 0x0000000100000000, 0x0000000100000000)
  eden space 117248K, 100% used [0x00000000eaa80000,0x00000000f1d00000,0x00000000f1d00000)
  from space 116224K, 36% used [0x00000000f1d00000,0x00000000f46f7be8,0x00000000f8e80000)
  to   space 116224K, 0% used [0x00000000f8e80000,0x00000000f8e80000,0x0000000100000000)
 ParOldGen       total 390144K, used 277339K [0x00000000c0000000, 0x00000000d7d00000, 0x00000000eaa80000)
  object space 390144K, 71% used [0x00000000c0000000,0x00000000d0ed6d48,0x00000000d7d00000)
 PSPermGen       total 21504K, used 6522K [0x00000000b5a00000, 0x00000000b6f00000, 0x00000000c0000000)
  object space 21504K, 30% used [0x00000000b5a00000,0x00000000b605e8e0,0x00000000b6f00000)
Event: 20,189 GC heap after
Heap after GC invocations=25 (full 5):
 PSYoungGen      total 222208K, used 49604K [0x00000000eaa80000, 0x00000000ff500000, 0x0000000100000000)
  eden space 117248K, 0% used [0x00000000eaa80000,0x00000000eaa80000,0x00000000f1d00000)
  from space 104960K, 47% used [0x00000000f8e80000,0x00000000fbef12a8,0x00000000ff500000)
  to   space 110592K, 0% used [0x00000000f1d00000,0x00000000f1d00000,0x00000000f8900000)
 ParOldGen       total 390144K, used 319935K [0x00000000c0000000, 0x00000000d7d00000, 0x00000000eaa80000)
  object space 390144K, 82% used [0x00000000c0000000,0x00000000d386fdc8,0x00000000d7d00000)
 PSPermGen       total 21504K, used 6522K [0x00000000b5a00000, 0x00000000b6f00000, 0x00000000c0000000)
  object space 21504K, 30% used [0x00000000b5a00000,0x00000000b605e8e0,0x00000000b6f00000)
}
Event: 20,189 GC heap before
{Heap before GC invocations=26 (full 6):
 PSYoungGen      total 222208K, used 49604K [0x00000000eaa80000, 0x00000000ff500000, 0x0000000100000000)
  eden space 117248K, 0% used [0x00000000eaa80000,0x00000000eaa80000,0x00000000f1d00000)
  from space 104960K, 47% used [0x00000000f8e80000,0x00000000fbef12a8,0x00000000ff500000)
  to   space 110592K, 0% used [0x00000000f1d00000,0x00000000f1d00000,0x00000000f8900000)
 ParOldGen       total 390144K, used 319935K [0x00000000c0000000, 0x00000000d7d00000, 0x00000000eaa80000)
  object space 390144K, 82% used [0x00000000c0000000,0x00000000d386fdc8,0x00000000d7d00000)
 PSPermGen       total 21504K, used 6522K [0x00000000b5a00000, 0x00000000b6f00000, 0x00000000c0000000)
  object space 21504K, 30% used [0x00000000b5a00000,0x00000000b605e8e0,0x00000000b6f00000)

