# JRE version: OpenJDK Runtime Environment (7.0_101) (build 1.7.0_101-b00)
# Java VM: OpenJDK 64-Bit Server VM (24.95-b01 mixed mode linux-amd64 compressed oops)
Heap
 PSYoungGen      total 230400K, used 0K [0x00000000eaa80000, 0x00000000ffd00000, 0x0000000100000000)
  eden space 117248K, 0% used [0x00000000eaa80000,0x00000000eaa80000,0x00000000f1d00000)
  from space 113152K, 0% used [0x00000000f8e80000,0x00000000f8e80000,0x00000000ffd00000)
  to   space 114688K, 0% used [0x00000000f1d00000,0x00000000f1d00000,0x00000000f8d00000)
 ParOldGen       total 424448K, used 363141K [0x00000000c0000000, 0x00000000d9e80000, 0x00000000eaa80000)
  object space 424448K, 85% used [0x00000000c0000000,0x00000000d62a17e0,0x00000000d9e80000)
 PSPermGen       total 21504K, used 6524K [0x00000000b5a00000, 0x00000000b6f00000, 0x00000000c0000000)
  object space 21504K, 30% used [0x00000000b5a00000,0x00000000b605f168,0x00000000b6f00000)
GC Heap History (10 events):
Event: 18,031 GC heap after
Heap after GC invocations=21 (full 4):
 PSYoungGen      total 233472K, used 70763K [0x00000000eaa80000, 0x0000000100000000, 0x0000000100000000)
  eden space 117248K, 0% used [0x00000000eaa80000,0x00000000eaa80000,0x00000000f1d00000)
  from space 116224K, 60% used [0x00000000f1d00000,0x00000000f621afb8,0x00000000f8e80000)
  to   space 116224K, 0% used [0x00000000f8e80000,0x00000000f8e80000,0x0000000100000000)
 ParOldGen       total 354304K, used 350541K [0x00000000c0000000, 0x00000000d5a00000, 0x00000000eaa80000)
  object space 354304K, 98% used [0x00000000c0000000,0x00000000d5653630,0x00000000d5a00000)
 PSPermGen       total 21504K, used 6523K [0x00000000b5a00000, 0x00000000b6f00000, 0x00000000c0000000)
  object space 21504K, 30% used [0x00000000b5a00000,0x00000000b605ef50,0x00000000b6f00000)
}
Event: 18,031 GC heap before
{Heap before GC invocations=22 (full 5):
 PSYoungGen      total 233472K, used 70763K [0x00000000eaa80000, 0x0000000100000000, 0x0000000100000000)
  eden space 117248K, 0% used [0x00000000eaa80000,0x00000000eaa80000,0x00000000f1d00000)
  from space 116224K, 60% used [0x00000000f1d00000,0x00000000f621afb8,0x00000000f8e80000)
  to   space 116224K, 0% used [0x00000000f8e80000,0x00000000f8e80000,0x0000000100000000)
 ParOldGen       total 354304K, used 350541K [0x00000000c0000000, 0x00000000d5a00000, 0x00000000eaa80000)
  object space 354304K, 98% used [0x00000000c0000000,0x00000000d5653630,0x00000000d5a00000)
 PSPermGen       total 21504K, used 6523K [0x00000000b5a00000, 0x00000000b6f00000, 0x00000000c0000000)
  object space 21504K, 30% used [0x00000000b5a00000,0x00000000b605ef50,0x00000000b6f00000)
Event: 18,633 GC heap after
Heap after GC invocations=22 (full 5):
 PSYoungGen      total 233472K, used 0K [0x00000000eaa80000, 0x0000000100000000, 0x0000000100000000)
  eden space 117248K, 0% used [0x00000000eaa80000,0x00000000eaa80000,0x00000000f1d00000)
  from space 116224K, 0% used [0x00000000f1d00000,0x00000000f1d00000,0x00000000f8e80000)
  to   space 116224K, 0% used [0x00000000f8e80000,0x00000000f8e80000,0x0000000100000000)
 ParOldGen       total 424448K, used 247017K [0x00000000c0000000, 0x00000000d9e80000, 0x00000000eaa80000)
  object space 424448K, 58% used [0x00000000c0000000,0x00000000cf13a480,0x00000000d9e80000)
 PSPermGen       total 21504K, used 6523K [0x00000000b5a00000, 0x00000000b6f00000, 0x00000000c0000000)
  object space 21504K, 30% used [0x00000000b5a00000,0x00000000b605ee90,0x00000000b6f00000)
}
Event: 18,702 GC heap before
{Heap before GC invocations=23 (full 5):
 PSYoungGen      total 233472K, used 117248K [0x00000000eaa80000, 0x0000000100000000, 0x0000000100000000)
  eden space 117248K, 100% used [0x00000000eaa80000,0x00000000f1d00000,0x00000000f1d00000)
  from space 116224K, 0% used [0x00000000f1d00000,0x00000000f1d00000,0x00000000f8e80000)
  to   space 116224K, 0% used [0x00000000f8e80000,0x00000000f8e80000,0x0000000100000000)
 ParOldGen       total 424448K, used 247017K [0x00000000c0000000, 0x00000000d9e80000, 0x00000000eaa80000)
  object space 424448K, 58% used [0x00000000c0000000,0x00000000cf13a480,0x00000000d9e80000)
 PSPermGen       total 21504K, used 6523K [0x00000000b5a00000, 0x00000000b6f00000, 0x00000000c0000000)
  object space 21504K, 30% used [0x00000000b5a00000,0x00000000b605ee90,0x00000000b6f00000)
Event: 18,729 GC heap after
Heap after GC invocations=23 (full 5):
 PSYoungGen      total 233472K, used 61280K [0x00000000eaa80000, 0x0000000100000000, 0x0000000100000000)
  eden space 117248K, 0% used [0x00000000eaa80000,0x00000000eaa80000,0x00000000f1d00000)
  from space 116224K, 52% used [0x00000000f8e80000,0x00000000fca58000,0x0000000100000000)
  to   space 116224K, 0% used [0x00000000f1d00000,0x00000000f1d00000,0x00000000f8e80000)
 ParOldGen       total 424448K, used 247017K [0x00000000c0000000, 0x00000000d9e80000, 0x00000000eaa80000)
  object space 424448K, 58% used [0x00000000c0000000,0x00000000cf13a480,0x00000000d9e80000)
 PSPermGen       total 21504K, used 6523K [0x00000000b5a00000, 0x00000000b6f00000, 0x00000000c0000000)
  object space 21504K, 30% used [0x00000000b5a00000,0x00000000b605ee90,0x00000000b6f00000)
}
Event: 19,060 GC heap before
{Heap before GC invocations=24 (full 5):
 PSYoungGen      total 233472K, used 178528K [0x00000000eaa80000, 0x0000000100000000, 0x0000000100000000)
  eden space 117248K, 100% used [0x00000000eaa80000,0x00000000f1d00000,0x00000000f1d00000)
  from space 116224K, 52% used [0x00000000f8e80000,0x00000000fca58000,0x0000000100000000)
  to   space 116224K, 0% used [0x00000000f1d00000,0x00000000f1d00000,0x00000000f8e80000)
 ParOldGen       total 424448K, used 247017K [0x00000000c0000000, 0x00000000d9e80000, 0x00000000eaa80000)
  object space 424448K, 58% used [0x00000000c0000000,0x00000000cf13a480,0x00000000d9e80000)
 PSPermGen       total 21504K, used 6524K [0x00000000b5a00000, 0x00000000b6f00000, 0x00000000c0000000)
  object space 21504K, 30% used [0x00000000b5a00000,0x00000000b605f188,0x00000000b6f00000)
Event: 19,115 GC heap after
Heap after GC invocations=24 (full 5):
 PSYoungGen      total 233472K, used 40787K [0x00000000eaa80000, 0x0000000100000000, 0x0000000100000000)
  eden space 117248K, 0% used [0x00000000eaa80000,0x00000000eaa80000,0x00000000f1d00000)
  from space 116224K, 35% used [0x00000000f1d00000,0x00000000f44d4e88,0x00000000f8e80000)
  to   space 116224K, 0% used [0x00000000f8e80000,0x00000000f8e80000,0x0000000100000000)
 ParOldGen       total 424448K, used 311153K [0x00000000c0000000, 0x00000000d9e80000, 0x00000000eaa80000)
  object space 424448K, 73% used [0x00000000c0000000,0x00000000d2fdc480,0x00000000d9e80000)
 PSPermGen       total 21504K, used 6524K [0x00000000b5a00000, 0x00000000b6f00000, 0x00000000c0000000)
  object space 21504K, 30% used [0x00000000b5a00000,0x00000000b605f188,0x00000000b6f00000)
}
Event: 19,579 GC heap before
{Heap before GC invocations=25 (full 5):
 PSYoungGen      total 233472K, used 158035K [0x00000000eaa80000, 0x0000000100000000, 0x0000000100000000)
  eden space 117248K, 100% used [0x00000000eaa80000,0x00000000f1d00000,0x00000000f1d00000)
  from space 116224K, 35% used [0x00000000f1d00000,0x00000000f44d4e88,0x00000000f8e80000)
  to   space 116224K, 0% used [0x00000000f8e80000,0x00000000f8e80000,0x0000000100000000)
 ParOldGen       total 424448K, used 311153K [0x00000000c0000000, 0x00000000d9e80000, 0x00000000eaa80000)
  object space 424448K, 73% used [0x00000000c0000000,0x00000000d2fdc480,0x00000000d9e80000)
 PSPermGen       total 21504K, used 6524K [0x00000000b5a00000, 0x00000000b6f00000, 0x00000000c0000000)
  object space 21504K, 30% used [0x00000000b5a00000,0x00000000b605f188,0x00000000b6f00000)
Event: 19,626 GC heap after
Heap after GC invocations=25 (full 5):
 PSYoungGen      total 230400K, used 18441K [0x00000000eaa80000, 0x00000000ffd00000, 0x0000000100000000)
  eden space 117248K, 0% used [0x00000000eaa80000,0x00000000eaa80000,0x00000000f1d00000)
  from space 113152K, 16% used [0x00000000f8e80000,0x00000000fa0824f0,0x00000000ffd00000)
  to   space 114688K, 0% used [0x00000000f1d00000,0x00000000f1d00000,0x00000000f8d00000)
 ParOldGen       total 424448K, used 352397K [0x00000000c0000000, 0x00000000d9e80000, 0x00000000eaa80000)
  object space 424448K, 83% used [0x00000000c0000000,0x00000000d58236d0,0x00000000d9e80000)
 PSPermGen       total 21504K, used 6524K [0x00000000b5a00000, 0x00000000b6f00000, 0x00000000c0000000)
  object space 21504K, 30% used [0x00000000b5a00000,0x00000000b605f188,0x00000000b6f00000)
}
Event: 19,626 GC heap before
{Heap before GC invocations=26 (full 6):
 PSYoungGen      total 230400K, used 18441K [0x00000000eaa80000, 0x00000000ffd00000, 0x0000000100000000)
  eden space 117248K, 0% used [0x00000000eaa80000,0x00000000eaa80000,0x00000000f1d00000)
  from space 113152K, 16% used [0x00000000f8e80000,0x00000000fa0824f0,0x00000000ffd00000)
  to   space 114688K, 0% used [0x00000000f1d00000,0x00000000f1d00000,0x00000000f8d00000)
 ParOldGen       total 424448K, used 352397K [0x00000000c0000000, 0x00000000d9e80000, 0x00000000eaa80000)
  object space 424448K, 83% used [0x00000000c0000000,0x00000000d58236d0,0x00000000d9e80000)
 PSPermGen       total 21504K, used 6524K [0x00000000b5a00000, 0x00000000b6f00000, 0x00000000c0000000)
  object space 21504K, 30% used [0x00000000b5a00000,0x00000000b605f188,0x00000000b6f00000)

