# JRE version: OpenJDK Runtime Environment (7.0_101) (build 1.7.0_101-b00)
# Java VM: OpenJDK 64-Bit Server VM (24.95-b01 mixed mode linux-amd64 compressed oops)
Heap
 PSYoungGen      total 222208K, used 0K [0x00000000eaa80000, 0x0000000100000000, 0x0000000100000000)
  eden space 117248K, 0% used [0x00000000eaa80000,0x00000000eaa80000,0x00000000f1d00000)
  from space 104960K, 0% used [0x00000000f9980000,0x00000000f9980000,0x0000000100000000)
  to   space 116224K, 0% used [0x00000000f1d00000,0x00000000f1d00000,0x00000000f8e80000)
 ParOldGen       total 402944K, used 311760K [0x00000000c0000000, 0x00000000d8980000, 0x00000000eaa80000)
  object space 402944K, 77% used [0x00000000c0000000,0x00000000d3074200,0x00000000d8980000)
 PSPermGen       total 21504K, used 6518K [0x00000000b5a00000, 0x00000000b6f00000, 0x00000000c0000000)
  object space 21504K, 30% used [0x00000000b5a00000,0x00000000b605db70,0x00000000b6f00000)
GC Heap History (10 events):
Event: 14,322 GC heap after
Heap after GC invocations=18 (full 3):
 PSYoungGen      total 236544K, used 76082K [0x00000000eaa80000, 0x0000000100000000, 0x0000000100000000)
  eden space 160256K, 0% used [0x00000000eaa80000,0x00000000eaa80000,0x00000000f4700000)
  from space 76288K, 99% used [0x00000000f4700000,0x00000000f914c808,0x00000000f9180000)
  to   space 104960K, 0% used [0x00000000f9980000,0x00000000f9980000,0x0000000100000000)
 ParOldGen       total 240128K, used 239867K [0x00000000c0000000, 0x00000000cea80000, 0x00000000eaa80000)
  object space 240128K, 99% used [0x00000000c0000000,0x00000000cea3ee58,0x00000000cea80000)
 PSPermGen       total 21504K, used 6517K [0x00000000b5a00000, 0x00000000b6f00000, 0x00000000c0000000)
  object space 21504K, 30% used [0x00000000b5a00000,0x00000000b605d588,0x00000000b6f00000)
}
Event: 14,322 GC heap before
{Heap before GC invocations=19 (full 4):
 PSYoungGen      total 236544K, used 76082K [0x00000000eaa80000, 0x0000000100000000, 0x0000000100000000)
  eden space 160256K, 0% used [0x00000000eaa80000,0x00000000eaa80000,0x00000000f4700000)
  from space 76288K, 99% used [0x00000000f4700000,0x00000000f914c808,0x00000000f9180000)
  to   space 104960K, 0% used [0x00000000f9980000,0x00000000f9980000,0x0000000100000000)
 ParOldGen       total 240128K, used 239867K [0x00000000c0000000, 0x00000000cea80000, 0x00000000eaa80000)
  object space 240128K, 99% used [0x00000000c0000000,0x00000000cea3ee58,0x00000000cea80000)
 PSPermGen       total 21504K, used 6517K [0x00000000b5a00000, 0x00000000b6f00000, 0x00000000c0000000)
  object space 21504K, 30% used [0x00000000b5a00000,0x00000000b605d588,0x00000000b6f00000)
Event: 15,040 GC heap after
Heap after GC invocations=19 (full 4):
 PSYoungGen      total 236544K, used 62448K [0x00000000eaa80000, 0x0000000100000000, 0x0000000100000000)
  eden space 160256K, 0% used [0x00000000eaa80000,0x00000000eaa80000,0x00000000f4700000)
  from space 76288K, 81% used [0x00000000f4700000,0x00000000f83fc160,0x00000000f9180000)
  to   space 104960K, 0% used [0x00000000f9980000,0x00000000f9980000,0x0000000100000000)
 ParOldGen       total 372736K, used 239879K [0x00000000c0000000, 0x00000000d6c00000, 0x00000000eaa80000)
  object space 372736K, 64% used [0x00000000c0000000,0x00000000cea41ee8,0x00000000d6c00000)
 PSPermGen       total 21504K, used 6517K [0x00000000b5a00000, 0x00000000b6f00000, 0x00000000c0000000)
  object space 21504K, 30% used [0x00000000b5a00000,0x00000000b605d508,0x00000000b6f00000)
}
Event: 15,856 GC heap before
{Heap before GC invocations=20 (full 4):
 PSYoungGen      total 236544K, used 222704K [0x00000000eaa80000, 0x0000000100000000, 0x0000000100000000)
  eden space 160256K, 100% used [0x00000000eaa80000,0x00000000f4700000,0x00000000f4700000)
  from space 76288K, 81% used [0x00000000f4700000,0x00000000f83fc160,0x00000000f9180000)
  to   space 104960K, 0% used [0x00000000f9980000,0x00000000f9980000,0x0000000100000000)
 ParOldGen       total 372736K, used 239879K [0x00000000c0000000, 0x00000000d6c00000, 0x00000000eaa80000)
  object space 372736K, 64% used [0x00000000c0000000,0x00000000cea41ee8,0x00000000d6c00000)
 PSPermGen       total 21504K, used 6518K [0x00000000b5a00000, 0x00000000b6f00000, 0x00000000c0000000)
  object space 21504K, 30% used [0x00000000b5a00000,0x00000000b605da90,0x00000000b6f00000)
Event: 15,982 GC heap after
Heap after GC invocations=20 (full 4):
 PSYoungGen      total 249856K, used 23901K [0x00000000eaa80000, 0x0000000100000000, 0x0000000100000000)
  eden space 144896K, 0% used [0x00000000eaa80000,0x00000000eaa80000,0x00000000f3800000)
  from space 104960K, 22% used [0x00000000f9980000,0x00000000fb0d74f0,0x0000000100000000)
  to   space 99840K, 0% used [0x00000000f3800000,0x00000000f3800000,0x00000000f9980000)
 ParOldGen       total 372736K, used 304369K [0x00000000c0000000, 0x00000000d6c00000, 0x00000000eaa80000)
  object space 372736K, 81% used [0x00000000c0000000,0x00000000d293c608,0x00000000d6c00000)
 PSPermGen       total 21504K, used 6518K [0x00000000b5a00000, 0x00000000b6f00000, 0x00000000c0000000)
  object space 21504K, 30% used [0x00000000b5a00000,0x00000000b605da90,0x00000000b6f00000)
}
Event: 16,722 GC heap before
{Heap before GC invocations=21 (full 4):
 PSYoungGen      total 249856K, used 168797K [0x00000000eaa80000, 0x0000000100000000, 0x0000000100000000)
  eden space 144896K, 100% used [0x00000000eaa80000,0x00000000f3800000,0x00000000f3800000)
  from space 104960K, 22% used [0x00000000f9980000,0x00000000fb0d74f0,0x0000000100000000)
  to   space 99840K, 0% used [0x00000000f3800000,0x00000000f3800000,0x00000000f9980000)
 ParOldGen       total 372736K, used 305152K [0x00000000c0000000, 0x00000000d6c00000, 0x00000000eaa80000)
  object space 372736K, 81% used [0x00000000c0000000,0x00000000d2a000b8,0x00000000d6c00000)
 PSPermGen       total 21504K, used 6519K [0x00000000b5a00000, 0x00000000b6f00000, 0x00000000c0000000)
  object space 21504K, 30% used [0x00000000b5a00000,0x00000000b605dc10,0x00000000b6f00000)
Event: 16,807 GC heap after
Heap after GC invocations=21 (full 4):
 PSYoungGen      total 244736K, used 99829K [0x00000000eaa80000, 0x0000000100000000, 0x0000000100000000)
  eden space 144896K, 0% used [0x00000000eaa80000,0x00000000eaa80000,0x00000000f3800000)
  from space 99840K, 99% used [0x00000000f3800000,0x00000000f997d5c0,0x00000000f9980000)
  to   space 104960K, 0% used [0x00000000f9980000,0x00000000f9980000,0x0000000100000000)
 ParOldGen       total 372736K, used 306167K [0x00000000c0000000, 0x00000000d6c00000, 0x00000000eaa80000)
  object space 372736K, 82% used [0x00000000c0000000,0x00000000d2afdf30,0x00000000d6c00000)
 PSPermGen       total 21504K, used 6519K [0x00000000b5a00000, 0x00000000b6f00000, 0x00000000c0000000)
  object space 21504K, 30% used [0x00000000b5a00000,0x00000000b605dc10,0x00000000b6f00000)
}
Event: 17,071 GC heap before
{Heap before GC invocations=22 (full 4):
 PSYoungGen      total 244736K, used 244725K [0x00000000eaa80000, 0x0000000100000000, 0x0000000100000000)
  eden space 144896K, 100% used [0x00000000eaa80000,0x00000000f3800000,0x00000000f3800000)
  from space 99840K, 99% used [0x00000000f3800000,0x00000000f997d5c0,0x00000000f9980000)
  to   space 104960K, 0% used [0x00000000f9980000,0x00000000f9980000,0x0000000100000000)
 ParOldGen       total 372736K, used 306182K [0x00000000c0000000, 0x00000000d6c00000, 0x00000000eaa80000)
  object space 372736K, 82% used [0x00000000c0000000,0x00000000d2b01890,0x00000000d6c00000)
 PSPermGen       total 21504K, used 6519K [0x00000000b5a00000, 0x00000000b6f00000, 0x00000000c0000000)
  object space 21504K, 30% used [0x00000000b5a00000,0x00000000b605dc10,0x00000000b6f00000)
Event: 17,227 GC heap after
Heap after GC invocations=22 (full 4):
 PSYoungGen      total 222208K, used 79002K [0x00000000eaa80000, 0x0000000100000000, 0x0000000100000000)
  eden space 117248K, 0% used [0x00000000eaa80000,0x00000000eaa80000,0x00000000f1d00000)
  from space 104960K, 75% used [0x00000000f9980000,0x00000000fe6a6810,0x0000000100000000)
  to   space 116224K, 0% used [0x00000000f1d00000,0x00000000f1d00000,0x00000000f8e80000)
 ParOldGen       total 402944K, used 402292K [0x00000000c0000000, 0x00000000d8980000, 0x00000000eaa80000)
  object space 402944K, 99% used [0x00000000c0000000,0x00000000d88dd218,0x00000000d8980000)
 PSPermGen       total 21504K, used 6519K [0x00000000b5a00000, 0x00000000b6f00000, 0x00000000c0000000)
  object space 21504K, 30% used [0x00000000b5a00000,0x00000000b605dc10,0x00000000b6f00000)
}
Event: 17,227 GC heap before
{Heap before GC invocations=23 (full 5):
 PSYoungGen      total 222208K, used 79002K [0x00000000eaa80000, 0x0000000100000000, 0x0000000100000000)
  eden space 117248K, 0% used [0x00000000eaa80000,0x00000000eaa80000,0x00000000f1d00000)
  from space 104960K, 75% used [0x00000000f9980000,0x00000000fe6a6810,0x0000000100000000)
  to   space 116224K, 0% used [0x00000000f1d00000,0x00000000f1d00000,0x00000000f8e80000)
 ParOldGen       total 402944K, used 402292K [0x00000000c0000000, 0x00000000d8980000, 0x00000000eaa80000)
  object space 402944K, 99% used [0x00000000c0000000,0x00000000d88dd218,0x00000000d8980000)
 PSPermGen       total 21504K, used 6519K [0x00000000b5a00000, 0x00000000b6f00000, 0x00000000c0000000)
  object space 21504K, 30% used [0x00000000b5a00000,0x00000000b605dc10,0x00000000b6f00000)

