# JRE version: OpenJDK Runtime Environment (7.0_101) (build 1.7.0_101-b00)
# Java VM: OpenJDK 64-Bit Server VM (24.95-b01 mixed mode linux-amd64 compressed oops)
Heap
 PSYoungGen      total 256512K, used 51957K [0x00000000eaa80000, 0x0000000100000000, 0x0000000100000000)
  eden space 198144K, 0% used [0x00000000eaa80000,0x00000000eaa80000,0x00000000f6c00000)
  from space 58368K, 89% used [0x00000000fc700000,0x00000000ff9bd6c0,0x0000000100000000)
  to   space 75776K, 0% used [0x00000000f6c00000,0x00000000f6c00000,0x00000000fb600000)
 ParOldGen       total 135168K, used 134699K [0x00000000c0000000, 0x00000000c8400000, 0x00000000eaa80000)
  object space 135168K, 99% used [0x00000000c0000000,0x00000000c838ada0,0x00000000c8400000)
 PSPermGen       total 21504K, used 6577K [0x00000000b5a00000, 0x00000000b6f00000, 0x00000000c0000000)
  object space 21504K, 30% used [0x00000000b5a00000,0x00000000b606c688,0x00000000b6f00000)
GC Heap History (10 events):
Event: 8,718 GC heap after
Heap after GC invocations=10 (full 1):
 PSYoungGen      total 268800K, used 32247K [0x00000000eaa80000, 0x0000000100000000, 0x0000000100000000)
  eden space 236544K, 0% used [0x00000000eaa80000,0x00000000eaa80000,0x00000000f9180000)
  from space 32256K, 99% used [0x00000000f9180000,0x00000000fb0fdec8,0x00000000fb100000)
  to   space 45568K, 0% used [0x00000000fd380000,0x00000000fd380000,0x0000000100000000)
 ParOldGen       total 78336K, used 58040K [0x00000000c0000000, 0x00000000c4c80000, 0x00000000eaa80000)
  object space 78336K, 74% used [0x00000000c0000000,0x00000000c38ae2b8,0x00000000c4c80000)
 PSPermGen       total 21504K, used 6510K [0x00000000b5a00000, 0x00000000b6f00000, 0x00000000c0000000)
  object space 21504K, 30% used [0x00000000b5a00000,0x00000000b605b970,0x00000000b6f00000)
}
Event: 9,354 GC heap before
{Heap before GC invocations=11 (full 1):
 PSYoungGen      total 268800K, used 268791K [0x00000000eaa80000, 0x0000000100000000, 0x0000000100000000)
  eden space 236544K, 100% used [0x00000000eaa80000,0x00000000f9180000,0x00000000f9180000)
  from space 32256K, 99% used [0x00000000f9180000,0x00000000fb0fdec8,0x00000000fb100000)
  to   space 45568K, 0% used [0x00000000fd380000,0x00000000fd380000,0x0000000100000000)
 ParOldGen       total 78336K, used 58040K [0x00000000c0000000, 0x00000000c4c80000, 0x00000000eaa80000)
  object space 78336K, 74% used [0x00000000c0000000,0x00000000c38ae2b8,0x00000000c4c80000)
 PSPermGen       total 21504K, used 6527K [0x00000000b5a00000, 0x00000000b6f00000, 0x00000000c0000000)
  object space 21504K, 30% used [0x00000000b5a00000,0x00000000b605fd88,0x00000000b6f00000)
Event: 9,447 GC heap after
Heap after GC invocations=11 (full 1):
 PSYoungGen      total 287744K, used 45349K [0x00000000eaa80000, 0x0000000100000000, 0x0000000100000000)
  eden space 242176K, 0% used [0x00000000eaa80000,0x00000000eaa80000,0x00000000f9700000)
  from space 45568K, 99% used [0x00000000fd380000,0x00000000fffc9770,0x0000000100000000)
  to   space 53760K, 0% used [0x00000000f9700000,0x00000000f9700000,0x00000000fcb80000)
 ParOldGen       total 78336K, used 68339K [0x00000000c0000000, 0x00000000c4c80000, 0x00000000eaa80000)
  object space 78336K, 87% used [0x00000000c0000000,0x00000000c42bcd70,0x00000000c4c80000)
 PSPermGen       total 21504K, used 6527K [0x00000000b5a00000, 0x00000000b6f00000, 0x00000000c0000000)
  object space 21504K, 30% used [0x00000000b5a00000,0x00000000b605fd88,0x00000000b6f00000)
}
Event: 9,447 GC heap before
{Heap before GC invocations=12 (full 2):
 PSYoungGen      total 287744K, used 45349K [0x00000000eaa80000, 0x0000000100000000, 0x0000000100000000)
  eden space 242176K, 0% used [0x00000000eaa80000,0x00000000eaa80000,0x00000000f9700000)
  from space 45568K, 99% used [0x00000000fd380000,0x00000000fffc9770,0x0000000100000000)
  to   space 53760K, 0% used [0x00000000f9700000,0x00000000f9700000,0x00000000fcb80000)
 ParOldGen       total 78336K, used 68339K [0x00000000c0000000, 0x00000000c4c80000, 0x00000000eaa80000)
  object space 78336K, 87% used [0x00000000c0000000,0x00000000c42bcd70,0x00000000c4c80000)
 PSPermGen       total 21504K, used 6527K [0x00000000b5a00000, 0x00000000b6f00000, 0x00000000c0000000)
  object space 21504K, 30% used [0x00000000b5a00000,0x00000000b605fd88,0x00000000b6f00000)
Event: 9,997 GC heap after
Heap after GC invocations=12 (full 2):
 PSYoungGen      total 287744K, used 31813K [0x00000000eaa80000, 0x0000000100000000, 0x0000000100000000)
  eden space 242176K, 0% used [0x00000000eaa80000,0x00000000eaa80000,0x00000000f9700000)
  from space 45568K, 69% used [0x00000000fd380000,0x00000000ff2916a8,0x0000000100000000)
  to   space 53760K, 0% used [0x00000000f9700000,0x00000000f9700000,0x00000000fcb80000)
 ParOldGen       total 135168K, used 78307K [0x00000000c0000000, 0x00000000c8400000, 0x00000000eaa80000)
  object space 135168K, 57% used [0x00000000c0000000,0x00000000c4c78ff8,0x00000000c8400000)
 PSPermGen       total 21504K, used 6526K [0x00000000b5a00000, 0x00000000b6f00000, 0x00000000c0000000)
  object space 21504K, 30% used [0x00000000b5a00000,0x00000000b605fa08,0x00000000b6f00000)
}
Event: 10,853 GC heap before
{Heap before GC invocations=13 (full 2):
 PSYoungGen      total 287744K, used 273989K [0x00000000eaa80000, 0x0000000100000000, 0x0000000100000000)
  eden space 242176K, 100% used [0x00000000eaa80000,0x00000000f9700000,0x00000000f9700000)
  from space 45568K, 69% used [0x00000000fd380000,0x00000000ff2916a8,0x0000000100000000)
  to   space 53760K, 0% used [0x00000000f9700000,0x00000000f9700000,0x00000000fcb80000)
 ParOldGen       total 135168K, used 78307K [0x00000000c0000000, 0x00000000c8400000, 0x00000000eaa80000)
  object space 135168K, 57% used [0x00000000c0000000,0x00000000c4c78ff8,0x00000000c8400000)
 PSPermGen       total 21504K, used 6547K [0x00000000b5a00000, 0x00000000b6f00000, 0x00000000c0000000)
  object space 21504K, 30% used [0x00000000b5a00000,0x00000000b6064c48,0x00000000b6f00000)
Event: 10,983 GC heap after
Heap after GC invocations=13 (full 2):
 PSYoungGen      total 283136K, used 40648K [0x00000000eaa80000, 0x0000000100000000, 0x0000000100000000)
  eden space 242176K, 0% used [0x00000000eaa80000,0x00000000eaa80000,0x00000000f9700000)
  from space 40960K, 99% used [0x00000000f9700000,0x00000000fbeb21d8,0x00000000fbf00000)
  to   space 58368K, 0% used [0x00000000fc700000,0x00000000fc700000,0x0000000100000000)
 ParOldGen       total 135168K, used 109121K [0x00000000c0000000, 0x00000000c8400000, 0x00000000eaa80000)
  object space 135168K, 80% used [0x00000000c0000000,0x00000000c6a90568,0x00000000c8400000)
 PSPermGen       total 21504K, used 6547K [0x00000000b5a00000, 0x00000000b6f00000, 0x00000000c0000000)
  object space 21504K, 30% used [0x00000000b5a00000,0x00000000b6064c48,0x00000000b6f00000)
}
Event: 12,203 GC heap before
{Heap before GC invocations=14 (full 2):
 PSYoungGen      total 283136K, used 282824K [0x00000000eaa80000, 0x0000000100000000, 0x0000000100000000)
  eden space 242176K, 100% used [0x00000000eaa80000,0x00000000f9700000,0x00000000f9700000)
  from space 40960K, 99% used [0x00000000f9700000,0x00000000fbeb21d8,0x00000000fbf00000)
  to   space 58368K, 0% used [0x00000000fc700000,0x00000000fc700000,0x0000000100000000)
 ParOldGen       total 135168K, used 109121K [0x00000000c0000000, 0x00000000c8400000, 0x00000000eaa80000)
  object space 135168K, 80% used [0x00000000c0000000,0x00000000c6a90568,0x00000000c8400000)
 PSPermGen       total 21504K, used 6578K [0x00000000b5a00000, 0x00000000b6f00000, 0x00000000c0000000)
  object space 21504K, 30% used [0x00000000b5a00000,0x00000000b606c968,0x00000000b6f00000)
Event: 12,359 GC heap after
Heap after GC invocations=14 (full 2):
 PSYoungGen      total 256512K, used 58345K [0x00000000eaa80000, 0x0000000100000000, 0x0000000100000000)
  eden space 198144K, 0% used [0x00000000eaa80000,0x00000000eaa80000,0x00000000f6c00000)
  from space 58368K, 99% used [0x00000000fc700000,0x00000000ffffa468,0x0000000100000000)
  to   space 75776K, 0% used [0x00000000f6c00000,0x00000000f6c00000,0x00000000fb600000)
 ParOldGen       total 135168K, used 129326K [0x00000000c0000000, 0x00000000c8400000, 0x00000000eaa80000)
  object space 135168K, 95% used [0x00000000c0000000,0x00000000c7e4ba30,0x00000000c8400000)
 PSPermGen       total 21504K, used 6578K [0x00000000b5a00000, 0x00000000b6f00000, 0x00000000c0000000)
  object space 21504K, 30% used [0x00000000b5a00000,0x00000000b606c968,0x00000000b6f00000)
}
Event: 12,359 GC heap before
{Heap before GC invocations=15 (full 3):
 PSYoungGen      total 256512K, used 58345K [0x00000000eaa80000, 0x0000000100000000, 0x0000000100000000)
  eden space 198144K, 0% used [0x00000000eaa80000,0x00000000eaa80000,0x00000000f6c00000)
  from space 58368K, 99% used [0x00000000fc700000,0x00000000ffffa468,0x0000000100000000)
  to   space 75776K, 0% used [0x00000000f6c00000,0x00000000f6c00000,0x00000000fb600000)
 ParOldGen       total 135168K, used 129326K [0x00000000c0000000, 0x00000000c8400000, 0x00000000eaa80000)
  object space 135168K, 95% used [0x00000000c0000000,0x00000000c7e4ba30,0x00000000c8400000)
 PSPermGen       total 21504K, used 6578K [0x00000000b5a00000, 0x00000000b6f00000, 0x00000000c0000000)
  object space 21504K, 30% used [0x00000000b5a00000,0x00000000b606c968,0x00000000b6f00000)

