# JRE version: OpenJDK Runtime Environment (7.0_101) (build 1.7.0_101-b00)
# Java VM: OpenJDK 64-Bit Server VM (24.95-b01 mixed mode linux-amd64 compressed oops)
Heap
 PSYoungGen      total 241664K, used 33754K [0x00000000eaa80000, 0x0000000100000000, 0x0000000100000000)
  eden space 175616K, 0% used [0x00000000eaa80000,0x00000000eaa80000,0x00000000f5600000)
  from space 66048K, 51% used [0x00000000fbf80000,0x00000000fe076ae0,0x0000000100000000)
  to   space 87040K, 0% used [0x00000000f5600000,0x00000000f5600000,0x00000000fab00000)
 ParOldGen       total 218624K, used 218162K [0x00000000c0000000, 0x00000000cd580000, 0x00000000eaa80000)
  object space 218624K, 99% used [0x00000000c0000000,0x00000000cd50c818,0x00000000cd580000)
 PSPermGen       total 21504K, used 6590K [0x00000000b5a00000, 0x00000000b6f00000, 0x00000000c0000000)
  object space 21504K, 30% used [0x00000000b5a00000,0x00000000b606faf0,0x00000000b6f00000)
GC Heap History (10 events):
Event: 11,279 GC heap after
Heap after GC invocations=13 (full 2):
 PSYoungGen      total 284160K, used 40676K [0x00000000eaa80000, 0x0000000100000000, 0x0000000100000000)
  eden space 243200K, 0% used [0x00000000eaa80000,0x00000000eaa80000,0x00000000f9800000)
  from space 40960K, 99% used [0x00000000f9800000,0x00000000fbfb9328,0x00000000fc000000)
  to   space 57856K, 0% used [0x00000000fc780000,0x00000000fc780000,0x0000000100000000)
 ParOldGen       total 135680K, used 109477K [0x00000000c0000000, 0x00000000c8480000, 0x00000000eaa80000)
  object space 135680K, 80% used [0x00000000c0000000,0x00000000c6ae97e8,0x00000000c8480000)
 PSPermGen       total 21504K, used 6553K [0x00000000b5a00000, 0x00000000b6f00000, 0x00000000c0000000)
  object space 21504K, 30% used [0x00000000b5a00000,0x00000000b60664f0,0x00000000b6f00000)
}
Event: 11,279 GC heap before
{Heap before GC invocations=14 (full 3):
 PSYoungGen      total 284160K, used 40676K [0x00000000eaa80000, 0x0000000100000000, 0x0000000100000000)
  eden space 243200K, 0% used [0x00000000eaa80000,0x00000000eaa80000,0x00000000f9800000)
  from space 40960K, 99% used [0x00000000f9800000,0x00000000fbfb9328,0x00000000fc000000)
  to   space 57856K, 0% used [0x00000000fc780000,0x00000000fc780000,0x0000000100000000)
 ParOldGen       total 135680K, used 109477K [0x00000000c0000000, 0x00000000c8480000, 0x00000000eaa80000)
  object space 135680K, 80% used [0x00000000c0000000,0x00000000c6ae97e8,0x00000000c8480000)
 PSPermGen       total 21504K, used 6553K [0x00000000b5a00000, 0x00000000b6f00000, 0x00000000c0000000)
  object space 21504K, 30% used [0x00000000b5a00000,0x00000000b60664f0,0x00000000b6f00000)
Event: 12,041 GC heap after
Heap after GC invocations=14 (full 3):
 PSYoungGen      total 284160K, used 13833K [0x00000000eaa80000, 0x0000000100000000, 0x0000000100000000)
  eden space 243200K, 0% used [0x00000000eaa80000,0x00000000eaa80000,0x00000000f9800000)
  from space 40960K, 33% used [0x00000000f9800000,0x00000000fa582440,0x00000000fc000000)
  to   space 57856K, 0% used [0x00000000fc780000,0x00000000fc780000,0x0000000100000000)
 ParOldGen       total 218624K, used 135458K [0x00000000c0000000, 0x00000000cd580000, 0x00000000eaa80000)
  object space 218624K, 61% used [0x00000000c0000000,0x00000000c8448b90,0x00000000cd580000)
 PSPermGen       total 21504K, used 6552K [0x00000000b5a00000, 0x00000000b6f00000, 0x00000000c0000000)
  object space 21504K, 30% used [0x00000000b5a00000,0x00000000b60661f0,0x00000000b6f00000)
}
Event: 13,643 GC heap before
{Heap before GC invocations=15 (full 3):
 PSYoungGen      total 284160K, used 257033K [0x00000000eaa80000, 0x0000000100000000, 0x0000000100000000)
  eden space 243200K, 100% used [0x00000000eaa80000,0x00000000f9800000,0x00000000f9800000)
  from space 40960K, 33% used [0x00000000f9800000,0x00000000fa582440,0x00000000fc000000)
  to   space 57856K, 0% used [0x00000000fc780000,0x00000000fc780000,0x0000000100000000)
 ParOldGen       total 218624K, used 135458K [0x00000000c0000000, 0x00000000cd580000, 0x00000000eaa80000)
  object space 218624K, 61% used [0x00000000c0000000,0x00000000c8448b90,0x00000000cd580000)
 PSPermGen       total 21504K, used 6579K [0x00000000b5a00000, 0x00000000b6f00000, 0x00000000c0000000)
  object space 21504K, 30% used [0x00000000b5a00000,0x00000000b606ccc8,0x00000000b6f00000)
Event: 13,734 GC heap after
Heap after GC invocations=15 (full 3):
 PSYoungGen      total 275456K, used 51862K [0x00000000eaa80000, 0x0000000100000000, 0x0000000100000000)
  eden space 217600K, 0% used [0x00000000eaa80000,0x00000000eaa80000,0x00000000f7f00000)
  from space 57856K, 89% used [0x00000000fc780000,0x00000000ffa25a10,0x0000000100000000)
  to   space 66048K, 0% used [0x00000000f7f00000,0x00000000f7f00000,0x00000000fbf80000)
 ParOldGen       total 218624K, used 135458K [0x00000000c0000000, 0x00000000cd580000, 0x00000000eaa80000)
  object space 218624K, 61% used [0x00000000c0000000,0x00000000c8448b90,0x00000000cd580000)
 PSPermGen       total 21504K, used 6579K [0x00000000b5a00000, 0x00000000b6f00000, 0x00000000c0000000)
  object space 21504K, 30% used [0x00000000b5a00000,0x00000000b606ccc8,0x00000000b6f00000)
}
Event: 14,048 GC heap before
{Heap before GC invocations=16 (full 3):
 PSYoungGen      total 275456K, used 269462K [0x00000000eaa80000, 0x0000000100000000, 0x0000000100000000)
  eden space 217600K, 100% used [0x00000000eaa80000,0x00000000f7f00000,0x00000000f7f00000)
  from space 57856K, 89% used [0x00000000fc780000,0x00000000ffa25a10,0x0000000100000000)
  to   space 66048K, 0% used [0x00000000f7f00000,0x00000000f7f00000,0x00000000fbf80000)
 ParOldGen       total 218624K, used 135458K [0x00000000c0000000, 0x00000000cd580000, 0x00000000eaa80000)
  object space 218624K, 61% used [0x00000000c0000000,0x00000000c8448b90,0x00000000cd580000)
 PSPermGen       total 21504K, used 6584K [0x00000000b5a00000, 0x00000000b6f00000, 0x00000000c0000000)
  object space 21504K, 30% used [0x00000000b5a00000,0x00000000b606e2c0,0x00000000b6f00000)
Event: 14,162 GC heap after
Heap after GC invocations=16 (full 3):
 PSYoungGen      total 283648K, used 66032K [0x00000000eaa80000, 0x0000000100000000, 0x0000000100000000)
  eden space 217600K, 0% used [0x00000000eaa80000,0x00000000eaa80000,0x00000000f7f00000)
  from space 66048K, 99% used [0x00000000f7f00000,0x00000000fbf7c380,0x00000000fbf80000)
  to   space 66048K, 0% used [0x00000000fbf80000,0x00000000fbf80000,0x0000000100000000)
 ParOldGen       total 218624K, used 151808K [0x00000000c0000000, 0x00000000cd580000, 0x00000000eaa80000)
  object space 218624K, 69% used [0x00000000c0000000,0x00000000c94401e0,0x00000000cd580000)
 PSPermGen       total 21504K, used 6584K [0x00000000b5a00000, 0x00000000b6f00000, 0x00000000c0000000)
  object space 21504K, 30% used [0x00000000b5a00000,0x00000000b606e2c0,0x00000000b6f00000)
}
Event: 14,522 GC heap before
{Heap before GC invocations=17 (full 3):
 PSYoungGen      total 283648K, used 283632K [0x00000000eaa80000, 0x0000000100000000, 0x0000000100000000)
  eden space 217600K, 100% used [0x00000000eaa80000,0x00000000f7f00000,0x00000000f7f00000)
  from space 66048K, 99% used [0x00000000f7f00000,0x00000000fbf7c380,0x00000000fbf80000)
  to   space 66048K, 0% used [0x00000000fbf80000,0x00000000fbf80000,0x0000000100000000)
 ParOldGen       total 218624K, used 151808K [0x00000000c0000000, 0x00000000cd580000, 0x00000000eaa80000)
  object space 218624K, 69% used [0x00000000c0000000,0x00000000c94401e0,0x00000000cd580000)
 PSPermGen       total 21504K, used 6591K [0x00000000b5a00000, 0x00000000b6f00000, 0x00000000c0000000)
  object space 21504K, 30% used [0x00000000b5a00000,0x00000000b606fc70,0x00000000b6f00000)
Event: 14,738 GC heap after
Heap after GC invocations=17 (full 3):
 PSYoungGen      total 241664K, used 53421K [0x00000000eaa80000, 0x0000000100000000, 0x0000000100000000)
  eden space 175616K, 0% used [0x00000000eaa80000,0x00000000eaa80000,0x00000000f5600000)
  from space 66048K, 80% used [0x00000000fbf80000,0x00000000ff3ab6a8,0x0000000100000000)
  to   space 87040K, 0% used [0x00000000f5600000,0x00000000f5600000,0x00000000fab00000)
 ParOldGen       total 218624K, used 200633K [0x00000000c0000000, 0x00000000cd580000, 0x00000000eaa80000)
  object space 218624K, 91% used [0x00000000c0000000,0x00000000cc3ee708,0x00000000cd580000)
 PSPermGen       total 21504K, used 6591K [0x00000000b5a00000, 0x00000000b6f00000, 0x00000000c0000000)
  object space 21504K, 30% used [0x00000000b5a00000,0x00000000b606fc70,0x00000000b6f00000)
}
Event: 14,738 GC heap before
{Heap before GC invocations=18 (full 4):
 PSYoungGen      total 241664K, used 53421K [0x00000000eaa80000, 0x0000000100000000, 0x0000000100000000)
  eden space 175616K, 0% used [0x00000000eaa80000,0x00000000eaa80000,0x00000000f5600000)
  from space 66048K, 80% used [0x00000000fbf80000,0x00000000ff3ab6a8,0x0000000100000000)
  to   space 87040K, 0% used [0x00000000f5600000,0x00000000f5600000,0x00000000fab00000)
 ParOldGen       total 218624K, used 200633K [0x00000000c0000000, 0x00000000cd580000, 0x00000000eaa80000)
  object space 218624K, 91% used [0x00000000c0000000,0x00000000cc3ee708,0x00000000cd580000)
 PSPermGen       total 21504K, used 6591K [0x00000000b5a00000, 0x00000000b6f00000, 0x00000000c0000000)
  object space 21504K, 30% used [0x00000000b5a00000,0x00000000b606fc70,0x00000000b6f00000)

