# JRE version: OpenJDK Runtime Environment (7.0_101) (build 1.7.0_101-b00)
# Java VM: OpenJDK 64-Bit Server VM (24.95-b01 mixed mode linux-amd64 compressed oops)
Heap
 PSYoungGen      total 262144K, used 36018K [0x00000000eaa80000, 0x0000000100000000, 0x0000000100000000)
  eden space 209408K, 0% used [0x00000000eaa80000,0x00000000eaa80000,0x00000000f7700000)
  from space 52736K, 68% used [0x00000000fcc80000,0x00000000fefacb38,0x0000000100000000)
  to   space 70144K, 0% used [0x00000000f7700000,0x00000000f7700000,0x00000000fbb80000)
 ParOldGen       total 150016K, used 149748K [0x00000000c0000000, 0x00000000c9280000, 0x00000000eaa80000)
  object space 150016K, 99% used [0x00000000c0000000,0x00000000c923d290,0x00000000c9280000)
 PSPermGen       total 21504K, used 6582K [0x00000000b5a00000, 0x00000000b6f00000, 0x00000000c0000000)
  object space 21504K, 30% used [0x00000000b5a00000,0x00000000b606d990,0x00000000b6f00000)
GC Heap History (10 events):
Event: 8,905 GC heap after
Heap after GC invocations=10 (full 1):
 PSYoungGen      total 268800K, used 31720K [0x00000000eaa80000, 0x0000000100000000, 0x0000000100000000)
  eden space 237056K, 0% used [0x00000000eaa80000,0x00000000eaa80000,0x00000000f9200000)
  from space 31744K, 99% used [0x00000000f9200000,0x00000000fb0fa008,0x00000000fb100000)
  to   space 45568K, 0% used [0x00000000fd380000,0x00000000fd380000,0x0000000100000000)
 ParOldGen       total 78336K, used 59599K [0x00000000c0000000, 0x00000000c4c80000, 0x00000000eaa80000)
  object space 78336K, 76% used [0x00000000c0000000,0x00000000c3a33f88,0x00000000c4c80000)
 PSPermGen       total 21504K, used 6514K [0x00000000b5a00000, 0x00000000b6f00000, 0x00000000c0000000)
  object space 21504K, 30% used [0x00000000b5a00000,0x00000000b605cae0,0x00000000b6f00000)
}
Event: 9,550 GC heap before
{Heap before GC invocations=11 (full 1):
 PSYoungGen      total 268800K, used 268776K [0x00000000eaa80000, 0x0000000100000000, 0x0000000100000000)
  eden space 237056K, 100% used [0x00000000eaa80000,0x00000000f9200000,0x00000000f9200000)
  from space 31744K, 99% used [0x00000000f9200000,0x00000000fb0fa008,0x00000000fb100000)
  to   space 45568K, 0% used [0x00000000fd380000,0x00000000fd380000,0x0000000100000000)
 ParOldGen       total 78336K, used 59599K [0x00000000c0000000, 0x00000000c4c80000, 0x00000000eaa80000)
  object space 78336K, 76% used [0x00000000c0000000,0x00000000c3a33f88,0x00000000c4c80000)
 PSPermGen       total 21504K, used 6532K [0x00000000b5a00000, 0x00000000b6f00000, 0x00000000c0000000)
  object space 21504K, 30% used [0x00000000b5a00000,0x00000000b6061010,0x00000000b6f00000)
Event: 9,658 GC heap after
Heap after GC invocations=11 (full 1):
 PSYoungGen      total 289792K, used 43108K [0x00000000eaa80000, 0x0000000100000000, 0x0000000100000000)
  eden space 244224K, 0% used [0x00000000eaa80000,0x00000000eaa80000,0x00000000f9900000)
  from space 45568K, 94% used [0x00000000fd380000,0x00000000ffd99168,0x0000000100000000)
  to   space 52736K, 0% used [0x00000000f9900000,0x00000000f9900000,0x00000000fcc80000)
 ParOldGen       total 78336K, used 70335K [0x00000000c0000000, 0x00000000c4c80000, 0x00000000eaa80000)
  object space 78336K, 89% used [0x00000000c0000000,0x00000000c44afcc0,0x00000000c4c80000)
 PSPermGen       total 21504K, used 6532K [0x00000000b5a00000, 0x00000000b6f00000, 0x00000000c0000000)
  object space 21504K, 30% used [0x00000000b5a00000,0x00000000b6061010,0x00000000b6f00000)
}
Event: 9,658 GC heap before
{Heap before GC invocations=12 (full 2):
 PSYoungGen      total 289792K, used 43108K [0x00000000eaa80000, 0x0000000100000000, 0x0000000100000000)
  eden space 244224K, 0% used [0x00000000eaa80000,0x00000000eaa80000,0x00000000f9900000)
  from space 45568K, 94% used [0x00000000fd380000,0x00000000ffd99168,0x0000000100000000)
  to   space 52736K, 0% used [0x00000000f9900000,0x00000000f9900000,0x00000000fcc80000)
 ParOldGen       total 78336K, used 70335K [0x00000000c0000000, 0x00000000c4c80000, 0x00000000eaa80000)
  object space 78336K, 89% used [0x00000000c0000000,0x00000000c44afcc0,0x00000000c4c80000)
 PSPermGen       total 21504K, used 6532K [0x00000000b5a00000, 0x00000000b6f00000, 0x00000000c0000000)
  object space 21504K, 30% used [0x00000000b5a00000,0x00000000b6061010,0x00000000b6f00000)
Event: 10,214 GC heap after
Heap after GC invocations=12 (full 2):
 PSYoungGen      total 289792K, used 31623K [0x00000000eaa80000, 0x0000000100000000, 0x0000000100000000)
  eden space 244224K, 0% used [0x00000000eaa80000,0x00000000eaa80000,0x00000000f9900000)
  from space 45568K, 69% used [0x00000000fd380000,0x00000000ff261fe0,0x0000000100000000)
  to   space 52736K, 0% used [0x00000000f9900000,0x00000000f9900000,0x00000000fcc80000)
 ParOldGen       total 136704K, used 77865K [0x00000000c0000000, 0x00000000c8580000, 0x00000000eaa80000)
  object space 136704K, 56% used [0x00000000c0000000,0x00000000c4c0a4c8,0x00000000c8580000)
 PSPermGen       total 21504K, used 6530K [0x00000000b5a00000, 0x00000000b6f00000, 0x00000000c0000000)
  object space 21504K, 30% used [0x00000000b5a00000,0x00000000b6060b10,0x00000000b6f00000)
}
Event: 11,251 GC heap before
{Heap before GC invocations=13 (full 2):
 PSYoungGen      total 289792K, used 275847K [0x00000000eaa80000, 0x0000000100000000, 0x0000000100000000)
  eden space 244224K, 100% used [0x00000000eaa80000,0x00000000f9900000,0x00000000f9900000)
  from space 45568K, 69% used [0x00000000fd380000,0x00000000ff261fe0,0x0000000100000000)
  to   space 52736K, 0% used [0x00000000f9900000,0x00000000f9900000,0x00000000fcc80000)
 ParOldGen       total 136704K, used 77865K [0x00000000c0000000, 0x00000000c8580000, 0x00000000eaa80000)
  object space 136704K, 56% used [0x00000000c0000000,0x00000000c4c0a4c8,0x00000000c8580000)
 PSPermGen       total 21504K, used 6550K [0x00000000b5a00000, 0x00000000b6f00000, 0x00000000c0000000)
  object space 21504K, 30% used [0x00000000b5a00000,0x00000000b6065b98,0x00000000b6f00000)
Event: 11,352 GC heap after
Heap after GC invocations=13 (full 2):
 PSYoungGen      total 296960K, used 52706K [0x00000000eaa80000, 0x0000000100000000, 0x0000000100000000)
  eden space 244224K, 0% used [0x00000000eaa80000,0x00000000eaa80000,0x00000000f9900000)
  from space 52736K, 99% used [0x00000000f9900000,0x00000000fcc78908,0x00000000fcc80000)
  to   space 52736K, 0% used [0x00000000fcc80000,0x00000000fcc80000,0x0000000100000000)
 ParOldGen       total 136704K, used 97113K [0x00000000c0000000, 0x00000000c8580000, 0x00000000eaa80000)
  object space 136704K, 71% used [0x00000000c0000000,0x00000000c5ed6578,0x00000000c8580000)
 PSPermGen       total 21504K, used 6550K [0x00000000b5a00000, 0x00000000b6f00000, 0x00000000c0000000)
  object space 21504K, 30% used [0x00000000b5a00000,0x00000000b6065b98,0x00000000b6f00000)
}
Event: 12,255 GC heap before
{Heap before GC invocations=14 (full 2):
 PSYoungGen      total 296960K, used 296930K [0x00000000eaa80000, 0x0000000100000000, 0x0000000100000000)
  eden space 244224K, 100% used [0x00000000eaa80000,0x00000000f9900000,0x00000000f9900000)
  from space 52736K, 99% used [0x00000000f9900000,0x00000000fcc78908,0x00000000fcc80000)
  to   space 52736K, 0% used [0x00000000fcc80000,0x00000000fcc80000,0x0000000100000000)
 ParOldGen       total 136704K, used 97113K [0x00000000c0000000, 0x00000000c8580000, 0x00000000eaa80000)
  object space 136704K, 71% used [0x00000000c0000000,0x00000000c5ed6578,0x00000000c8580000)
 PSPermGen       total 21504K, used 6582K [0x00000000b5a00000, 0x00000000b6f00000, 0x00000000c0000000)
  object space 21504K, 30% used [0x00000000b5a00000,0x00000000b606dbd0,0x00000000b6f00000)
Event: 12,375 GC heap after
Heap after GC invocations=14 (full 2):
 PSYoungGen      total 262144K, used 39337K [0x00000000eaa80000, 0x0000000100000000, 0x0000000100000000)
  eden space 209408K, 0% used [0x00000000eaa80000,0x00000000eaa80000,0x00000000f7700000)
  from space 52736K, 74% used [0x00000000fcc80000,0x00000000ff2ea4d0,0x0000000100000000)
  to   space 70144K, 0% used [0x00000000f7700000,0x00000000f7700000,0x00000000fbb80000)
 ParOldGen       total 150016K, used 149903K [0x00000000c0000000, 0x00000000c9280000, 0x00000000eaa80000)
  object space 150016K, 99% used [0x00000000c0000000,0x00000000c9263e78,0x00000000c9280000)
 PSPermGen       total 21504K, used 6582K [0x00000000b5a00000, 0x00000000b6f00000, 0x00000000c0000000)
  object space 21504K, 30% used [0x00000000b5a00000,0x00000000b606dbd0,0x00000000b6f00000)
}
Event: 12,376 GC heap before
{Heap before GC invocations=15 (full 3):
 PSYoungGen      total 262144K, used 39337K [0x00000000eaa80000, 0x0000000100000000, 0x0000000100000000)
  eden space 209408K, 0% used [0x00000000eaa80000,0x00000000eaa80000,0x00000000f7700000)
  from space 52736K, 74% used [0x00000000fcc80000,0x00000000ff2ea4d0,0x0000000100000000)
  to   space 70144K, 0% used [0x00000000f7700000,0x00000000f7700000,0x00000000fbb80000)
 ParOldGen       total 150016K, used 149903K [0x00000000c0000000, 0x00000000c9280000, 0x00000000eaa80000)
  object space 150016K, 99% used [0x00000000c0000000,0x00000000c9263e78,0x00000000c9280000)
 PSPermGen       total 21504K, used 6582K [0x00000000b5a00000, 0x00000000b6f00000, 0x00000000c0000000)
  object space 21504K, 30% used [0x00000000b5a00000,0x00000000b606dbd0,0x00000000b6f00000)

