# JRE version: OpenJDK Runtime Environment (7.0_101) (build 1.7.0_101-b00)
# Java VM: OpenJDK 64-Bit Server VM (24.95-b01 mixed mode linux-amd64 compressed oops)
Heap
 PSYoungGen      total 273920K, used 0K [0x00000000eaa80000, 0x0000000100000000, 0x0000000100000000)
  eden space 198144K, 0% used [0x00000000eaa80000,0x00000000eaa80000,0x00000000f6c00000)
  from space 75776K, 0% used [0x00000000f6c00000,0x00000000f6c00000,0x00000000fb600000)
  to   space 72192K, 0% used [0x00000000fb980000,0x00000000fb980000,0x0000000100000000)
 ParOldGen       total 223744K, used 214417K [0x00000000c0000000, 0x00000000cda80000, 0x00000000eaa80000)
  object space 223744K, 95% used [0x00000000c0000000,0x00000000cd1647e8,0x00000000cda80000)
 PSPermGen       total 21504K, used 6589K [0x00000000b5a00000, 0x00000000b6f00000, 0x00000000c0000000)
  object space 21504K, 30% used [0x00000000b5a00000,0x00000000b606f428,0x00000000b6f00000)
GC Heap History (10 events):
Event: 10,347 GC heap after
Heap after GC invocations=12 (full 2):
 PSYoungGen      total 287744K, used 31734K [0x00000000eaa80000, 0x0000000100000000, 0x0000000100000000)
  eden space 242176K, 0% used [0x00000000eaa80000,0x00000000eaa80000,0x00000000f9700000)
  from space 45568K, 69% used [0x00000000fd380000,0x00000000ff27d9a0,0x0000000100000000)
  to   space 53760K, 0% used [0x00000000f9700000,0x00000000f9700000,0x00000000fcb80000)
 ParOldGen       total 137216K, used 78676K [0x00000000c0000000, 0x00000000c8600000, 0x00000000eaa80000)
  object space 137216K, 57% used [0x00000000c0000000,0x00000000c4cd50e8,0x00000000c8600000)
 PSPermGen       total 21504K, used 6532K [0x00000000b5a00000, 0x00000000b6f00000, 0x00000000c0000000)
  object space 21504K, 30% used [0x00000000b5a00000,0x00000000b6061150,0x00000000b6f00000)
}
Event: 11,330 GC heap before
{Heap before GC invocations=13 (full 2):
 PSYoungGen      total 287744K, used 273910K [0x00000000eaa80000, 0x0000000100000000, 0x0000000100000000)
  eden space 242176K, 100% used [0x00000000eaa80000,0x00000000f9700000,0x00000000f9700000)
  from space 45568K, 69% used [0x00000000fd380000,0x00000000ff27d9a0,0x0000000100000000)
  to   space 53760K, 0% used [0x00000000f9700000,0x00000000f9700000,0x00000000fcb80000)
 ParOldGen       total 137216K, used 78676K [0x00000000c0000000, 0x00000000c8600000, 0x00000000eaa80000)
  object space 137216K, 57% used [0x00000000c0000000,0x00000000c4cd50e8,0x00000000c8600000)
 PSPermGen       total 21504K, used 6553K [0x00000000b5a00000, 0x00000000b6f00000, 0x00000000c0000000)
  object space 21504K, 30% used [0x00000000b5a00000,0x00000000b60667a8,0x00000000b6f00000)
Event: 11,440 GC heap after
Heap after GC invocations=13 (full 2):
 PSYoungGen      total 283136K, used 40750K [0x00000000eaa80000, 0x0000000100000000, 0x0000000100000000)
  eden space 242176K, 0% used [0x00000000eaa80000,0x00000000eaa80000,0x00000000f9700000)
  from space 40960K, 99% used [0x00000000f9700000,0x00000000fbecbb00,0x00000000fbf00000)
  to   space 58368K, 0% used [0x00000000fc700000,0x00000000fc700000,0x0000000100000000)
 ParOldGen       total 137216K, used 109898K [0x00000000c0000000, 0x00000000c8600000, 0x00000000eaa80000)
  object space 137216K, 80% used [0x00000000c0000000,0x00000000c6b52940,0x00000000c8600000)
 PSPermGen       total 21504K, used 6553K [0x00000000b5a00000, 0x00000000b6f00000, 0x00000000c0000000)
  object space 21504K, 30% used [0x00000000b5a00000,0x00000000b60667a8,0x00000000b6f00000)
}
Event: 12,449 GC heap before
{Heap before GC invocations=14 (full 2):
 PSYoungGen      total 283136K, used 282926K [0x00000000eaa80000, 0x0000000100000000, 0x0000000100000000)
  eden space 242176K, 100% used [0x00000000eaa80000,0x00000000f9700000,0x00000000f9700000)
  from space 40960K, 99% used [0x00000000f9700000,0x00000000fbecbb00,0x00000000fbf00000)
  to   space 58368K, 0% used [0x00000000fc700000,0x00000000fc700000,0x0000000100000000)
 ParOldGen       total 137216K, used 109898K [0x00000000c0000000, 0x00000000c8600000, 0x00000000eaa80000)
  object space 137216K, 80% used [0x00000000c0000000,0x00000000c6b52940,0x00000000c8600000)
 PSPermGen       total 21504K, used 6584K [0x00000000b5a00000, 0x00000000b6f00000, 0x00000000c0000000)
  object space 21504K, 30% used [0x00000000b5a00000,0x00000000b606e1a0,0x00000000b6f00000)
Event: 12,548 GC heap after
Heap after GC invocations=14 (full 2):
 PSYoungGen      total 256512K, used 58358K [0x00000000eaa80000, 0x0000000100000000, 0x0000000100000000)
  eden space 198144K, 0% used [0x00000000eaa80000,0x00000000eaa80000,0x00000000f6c00000)
  from space 58368K, 99% used [0x00000000fc700000,0x00000000ffffda28,0x0000000100000000)
  to   space 75776K, 0% used [0x00000000f6c00000,0x00000000f6c00000,0x00000000fb600000)
 ParOldGen       total 137216K, used 130071K [0x00000000c0000000, 0x00000000c8600000, 0x00000000eaa80000)
  object space 137216K, 94% used [0x00000000c0000000,0x00000000c7f05c78,0x00000000c8600000)
 PSPermGen       total 21504K, used 6584K [0x00000000b5a00000, 0x00000000b6f00000, 0x00000000c0000000)
  object space 21504K, 30% used [0x00000000b5a00000,0x00000000b606e1a0,0x00000000b6f00000)
}
Event: 12,548 GC heap before
{Heap before GC invocations=15 (full 3):
 PSYoungGen      total 256512K, used 58358K [0x00000000eaa80000, 0x0000000100000000, 0x0000000100000000)
  eden space 198144K, 0% used [0x00000000eaa80000,0x00000000eaa80000,0x00000000f6c00000)
  from space 58368K, 99% used [0x00000000fc700000,0x00000000ffffda28,0x0000000100000000)
  to   space 75776K, 0% used [0x00000000f6c00000,0x00000000f6c00000,0x00000000fb600000)
 ParOldGen       total 137216K, used 130071K [0x00000000c0000000, 0x00000000c8600000, 0x00000000eaa80000)
  object space 137216K, 94% used [0x00000000c0000000,0x00000000c7f05c78,0x00000000c8600000)
 PSPermGen       total 21504K, used 6584K [0x00000000b5a00000, 0x00000000b6f00000, 0x00000000c0000000)
  object space 21504K, 30% used [0x00000000b5a00000,0x00000000b606e1a0,0x00000000b6f00000)
Event: 13,411 GC heap after
Heap after GC invocations=15 (full 3):
 PSYoungGen      total 256512K, used 49979K [0x00000000eaa80000, 0x0000000100000000, 0x0000000100000000)
  eden space 198144K, 0% used [0x00000000eaa80000,0x00000000eaa80000,0x00000000f6c00000)
  from space 58368K, 85% used [0x00000000fc700000,0x00000000ff7ceeb0,0x0000000100000000)
  to   space 75776K, 0% used [0x00000000f6c00000,0x00000000f6c00000,0x00000000fb600000)
 ParOldGen       total 223744K, used 136965K [0x00000000c0000000, 0x00000000cda80000, 0x00000000eaa80000)
  object space 223744K, 61% used [0x00000000c0000000,0x00000000c85c1680,0x00000000cda80000)
 PSPermGen       total 21504K, used 6583K [0x00000000b5a00000, 0x00000000b6f00000, 0x00000000c0000000)
  object space 21504K, 30% used [0x00000000b5a00000,0x00000000b606df00,0x00000000b6f00000)
}
Event: 13,965 GC heap before
{Heap before GC invocations=16 (full 3):
 PSYoungGen      total 256512K, used 248123K [0x00000000eaa80000, 0x0000000100000000, 0x0000000100000000)
  eden space 198144K, 100% used [0x00000000eaa80000,0x00000000f6c00000,0x00000000f6c00000)
  from space 58368K, 85% used [0x00000000fc700000,0x00000000ff7ceeb0,0x0000000100000000)
  to   space 75776K, 0% used [0x00000000f6c00000,0x00000000f6c00000,0x00000000fb600000)
 ParOldGen       total 223744K, used 136965K [0x00000000c0000000, 0x00000000cda80000, 0x00000000eaa80000)
  object space 223744K, 61% used [0x00000000c0000000,0x00000000c85c1680,0x00000000cda80000)
 PSPermGen       total 21504K, used 6589K [0x00000000b5a00000, 0x00000000b6f00000, 0x00000000c0000000)
  object space 21504K, 30% used [0x00000000b5a00000,0x00000000b606f488,0x00000000b6f00000)
Event: 14,129 GC heap after
Heap after GC invocations=16 (full 3):
 PSYoungGen      total 273920K, used 29793K [0x00000000eaa80000, 0x0000000100000000, 0x0000000100000000)
  eden space 198144K, 0% used [0x00000000eaa80000,0x00000000eaa80000,0x00000000f6c00000)
  from space 75776K, 39% used [0x00000000f6c00000,0x00000000f89184b8,0x00000000fb600000)
  to   space 72192K, 0% used [0x00000000fb980000,0x00000000fb980000,0x0000000100000000)
 ParOldGen       total 223744K, used 187340K [0x00000000c0000000, 0x00000000cda80000, 0x00000000eaa80000)
  object space 223744K, 83% used [0x00000000c0000000,0x00000000cb6f3078,0x00000000cda80000)
 PSPermGen       total 21504K, used 6589K [0x00000000b5a00000, 0x00000000b6f00000, 0x00000000c0000000)
  object space 21504K, 30% used [0x00000000b5a00000,0x00000000b606f488,0x00000000b6f00000)
}
Event: 14,129 GC heap before
{Heap before GC invocations=17 (full 4):
 PSYoungGen      total 273920K, used 29793K [0x00000000eaa80000, 0x0000000100000000, 0x0000000100000000)
  eden space 198144K, 0% used [0x00000000eaa80000,0x00000000eaa80000,0x00000000f6c00000)
  from space 75776K, 39% used [0x00000000f6c00000,0x00000000f89184b8,0x00000000fb600000)
  to   space 72192K, 0% used [0x00000000fb980000,0x00000000fb980000,0x0000000100000000)
 ParOldGen       total 223744K, used 187340K [0x00000000c0000000, 0x00000000cda80000, 0x00000000eaa80000)
  object space 223744K, 83% used [0x00000000c0000000,0x00000000cb6f3078,0x00000000cda80000)
 PSPermGen       total 21504K, used 6589K [0x00000000b5a00000, 0x00000000b6f00000, 0x00000000c0000000)
  object space 21504K, 30% used [0x00000000b5a00000,0x00000000b606f488,0x00000000b6f00000)

